mode: set
pvesphere/internal/handler/dashboard.go:18.105,23.2 1 0
pvesphere/internal/handler/dashboard.go:33.56,35.16 2 0
pvesphere/internal/handler/dashboard.go:35.16,39.3 3 0
pvesphere/internal/handler/dashboard.go:41.2,41.29 1 0
pvesphere/internal/handler/dashboard.go:54.58,56.49 2 0
pvesphere/internal/handler/dashboard.go:56.49,59.3 2 0
pvesphere/internal/handler/dashboard.go:62.2,62.21 1 0
pvesphere/internal/handler/dashboard.go:62.21,64.3 1 0
pvesphere/internal/handler/dashboard.go:66.2,67.16 2 0
pvesphere/internal/handler/dashboard.go:67.16,71.3 3 0
pvesphere/internal/handler/dashboard.go:73.2,73.29 1 0
pvesphere/internal/handler/dashboard.go:86.59,88.49 2 0
pvesphere/internal/handler/dashboard.go:88.49,91.3 2 0
pvesphere/internal/handler/dashboard.go:94.2,94.21 1 0
pvesphere/internal/handler/dashboard.go:94.21,96.3 1 0
pvesphere/internal/handler/dashboard.go:98.2,99.16 2 0
pvesphere/internal/handler/dashboard.go:99.16,103.3 3 0
pvesphere/internal/handler/dashboard.go:105.2,105.29 1 0
pvesphere/internal/handler/dashboard.go:119.58,121.49 2 0
pvesphere/internal/handler/dashboard.go:121.49,124.3 2 0
pvesphere/internal/handler/dashboard.go:127.2,127.21 1 0
pvesphere/internal/handler/dashboard.go:127.21,129.3 1 0
pvesphere/internal/handler/dashboard.go:130.2,130.20 1 0
pvesphere/internal/handler/dashboard.go:130.20,132.3 1 0
pvesphere/internal/handler/dashboard.go:134.2,135.16 2 0
pvesphere/internal/handler/dashboard.go:135.16,139.3 3 0
pvesphere/internal/handler/dashboard.go:141.2,141.29 1 0
pvesphere/internal/handler/dashboard.go:154.60,156.49 2 0
pvesphere/internal/handler/dashboard.go:156.49,159.3 2 0
pvesphere/internal/handler/dashboard.go:162.2,162.21 1 0
pvesphere/internal/handler/dashboard.go:162.21,164.3 1 0
pvesphere/internal/handler/dashboard.go:166.2,167.16 2 0
pvesphere/internal/handler/dashboard.go:167.16,171.3 3 0
pvesphere/internal/handler/dashboard.go:173.2,173.29 1 0
pvesphere/internal/handler/handler.go:15.12,19.2 1 1
pvesphere/internal/handler/handler.go:20.48,22.13 2 1
pvesphere/internal/handler/handler.go:22.13,24.3 1 0
pvesphere/internal/handler/handler.go:25.2,25.39 1 1
pvesphere/internal/handler/pve_auth.go:19.100,24.2 1 0
pvesphere/internal/handler/pve_auth.go:36.60,38.48 2 0
pvesphere/internal/handler/pve_auth.go:38.48,41.3 2 0
pvesphere/internal/handler/pve_auth.go:44.2,45.16 2 0
pvesphere/internal/handler/pve_auth.go:45.16,49.3 3 0
pvesphere/internal/handler/pve_auth.go:50.2,50.20 1 0
pvesphere/internal/handler/pve_auth.go:50.20,53.3 2 0
pvesphere/internal/handler/pve_auth.go:56.2,57.16 2 0
pvesphere/internal/handler/pve_auth.go:57.16,63.3 3 0
pvesphere/internal/handler/pve_auth.go:65.2,71.29 2 0
pvesphere/internal/handler/pve_cluster.go:19.106,24.2 1 0
pvesphere/internal/handler/pve_cluster.go:35.61,37.48 2 0
pvesphere/internal/handler/pve_cluster.go:37.48,40.3 2 0
pvesphere/internal/handler/pve_cluster.go:42.2,42.65 1 0
pvesphere/internal/handler/pve_cluster.go:42.65,46.3 3 0
pvesphere/internal/handler/pve_cluster.go:48.2,48.28 1 0
pvesphere/internal/handler/pve_cluster.go:61.61,64.16 3 0
pvesphere/internal/handler/pve_cluster.go:64.16,67.3 2 0
pvesphere/internal/handler/pve_cluster.go:69.2,70.48 2 0
pvesphere/internal/handler/pve_cluster.go:70.48,73.3 2 0
pvesphere/internal/handler/pve_cluster.go:75.2,75.69 1 0
pvesphere/internal/handler/pve_cluster.go:75.69,79.3 3 0
pvesphere/internal/handler/pve_cluster.go:81.2,81.28 1 0
pvesphere/internal/handler/pve_cluster.go:93.61,96.16 3 0
pvesphere/internal/handler/pve_cluster.go:96.16,99.3 2 0
pvesphere/internal/handler/pve_cluster.go:101.2,101.64 1 0
pvesphere/internal/handler/pve_cluster.go:101.64,105.3 3 0
pvesphere/internal/handler/pve_cluster.go:107.2,107.28 1 0
pvesphere/internal/handler/pve_cluster.go:119.58,122.16 3 0
pvesphere/internal/handler/pve_cluster.go:122.16,125.3 2 0
pvesphere/internal/handler/pve_cluster.go:127.2,128.16 2 0
pvesphere/internal/handler/pve_cluster.go:128.16,132.3 3 0
pvesphere/internal/handler/pve_cluster.go:134.2,134.32 1 0
pvesphere/internal/handler/pve_cluster.go:149.60,151.49 2 0
pvesphere/internal/handler/pve_cluster.go:151.49,154.3 2 0
pvesphere/internal/handler/pve_cluster.go:157.2,157.19 1 0
pvesphere/internal/handler/pve_cluster.go:157.19,159.3 1 0
pvesphere/internal/handler/pve_cluster.go:160.2,160.23 1 0
pvesphere/internal/handler/pve_cluster.go:160.23,162.3 1 0
pvesphere/internal/handler/pve_cluster.go:164.2,164.24 1 0
pvesphere/internal/handler/pve_cluster.go:164.24,166.3 1 0
pvesphere/internal/handler/pve_cluster.go:168.2,169.16 2 0
pvesphere/internal/handler/pve_cluster.go:169.16,173.3 3 0
pvesphere/internal/handler/pve_cluster.go:175.2,175.29 1 0
pvesphere/internal/handler/pve_cluster.go:187.64,189.49 2 0
pvesphere/internal/handler/pve_cluster.go:189.49,192.3 2 0
pvesphere/internal/handler/pve_cluster.go:194.2,195.16 2 0
pvesphere/internal/handler/pve_cluster.go:195.16,199.3 3 0
pvesphere/internal/handler/pve_cluster.go:201.2,201.31 1 0
pvesphere/internal/handler/pve_cluster.go:213.67,215.49 2 0
pvesphere/internal/handler/pve_cluster.go:215.49,218.3 2 0
pvesphere/internal/handler/pve_cluster.go:220.2,221.16 2 0
pvesphere/internal/handler/pve_cluster.go:221.16,225.3 3 0
pvesphere/internal/handler/pve_cluster.go:227.2,227.34 1 0
pvesphere/internal/handler/pve_cluster.go:243.61,245.49 2 0
pvesphere/internal/handler/pve_cluster.go:245.49,248.3 2 0
pvesphere/internal/handler/pve_cluster.go:251.2,251.91 1 0
pvesphere/internal/handler/pve_cluster.go:251.91,254.3 2 0
pvesphere/internal/handler/pve_cluster.go:256.2,259.26 3 0
pvesphere/internal/handler/pve_cluster.go:259.26,262.3 1 0
pvesphere/internal/handler/pve_cluster.go:262.8,265.3 1 0
pvesphere/internal/handler/pve_cluster.go:267.2,267.16 1 0
pvesphere/internal/handler/pve_cluster.go:267.16,271.3 3 0
pvesphere/internal/handler/pve_cluster.go:273.2,273.29 1 0
pvesphere/internal/handler/pve_node.go:22.94,27.2 1 0
pvesphere/internal/handler/pve_node.go:38.55,40.48 2 0
pvesphere/internal/handler/pve_node.go:40.48,43.3 2 0
pvesphere/internal/handler/pve_node.go:45.2,45.59 1 0
pvesphere/internal/handler/pve_node.go:45.59,49.3 3 0
pvesphere/internal/handler/pve_node.go:51.2,51.28 1 0
pvesphere/internal/handler/pve_node.go:64.55,67.16 3 0
pvesphere/internal/handler/pve_node.go:67.16,70.3 2 0
pvesphere/internal/handler/pve_node.go:72.2,73.48 2 0
pvesphere/internal/handler/pve_node.go:73.48,76.3 2 0
pvesphere/internal/handler/pve_node.go:78.2,78.63 1 0
pvesphere/internal/handler/pve_node.go:78.63,82.3 3 0
pvesphere/internal/handler/pve_node.go:84.2,84.28 1 0
pvesphere/internal/handler/pve_node.go:96.55,99.16 3 0
pvesphere/internal/handler/pve_node.go:99.16,102.3 2 0
pvesphere/internal/handler/pve_node.go:104.2,104.58 1 0
pvesphere/internal/handler/pve_node.go:104.58,108.3 3 0
pvesphere/internal/handler/pve_node.go:110.2,110.28 1 0
pvesphere/internal/handler/pve_node.go:122.52,125.16 3 0
pvesphere/internal/handler/pve_node.go:125.16,128.3 2 0
pvesphere/internal/handler/pve_node.go:130.2,131.16 2 0
pvesphere/internal/handler/pve_node.go:131.16,135.3 3 0
pvesphere/internal/handler/pve_node.go:137.2,137.29 1 0
pvesphere/internal/handler/pve_node.go:153.54,155.49 2 0
pvesphere/internal/handler/pve_node.go:155.49,158.3 2 0
pvesphere/internal/handler/pve_node.go:161.2,161.19 1 0
pvesphere/internal/handler/pve_node.go:161.19,163.3 1 0
pvesphere/internal/handler/pve_node.go:164.2,164.23 1 0
pvesphere/internal/handler/pve_node.go:164.23,166.3 1 0
pvesphere/internal/handler/pve_node.go:168.2,168.24 1 0
pvesphere/internal/handler/pve_node.go:168.24,170.3 1 0
pvesphere/internal/handler/pve_node.go:172.2,173.16 2 0
pvesphere/internal/handler/pve_node.go:173.16,177.3 3 0
pvesphere/internal/handler/pve_node.go:179.2,179.29 1 0
pvesphere/internal/handler/pve_node.go:191.58,193.49 2 0
pvesphere/internal/handler/pve_node.go:193.49,196.3 2 0
pvesphere/internal/handler/pve_node.go:198.2,199.16 2 0
pvesphere/internal/handler/pve_node.go:199.16,203.3 3 0
pvesphere/internal/handler/pve_node.go:205.2,205.31 1 0
pvesphere/internal/handler/pve_node.go:217.58,219.48 2 0
pvesphere/internal/handler/pve_node.go:219.48,222.3 2 0
pvesphere/internal/handler/pve_node.go:224.2,225.16 2 0
pvesphere/internal/handler/pve_node.go:225.16,229.3 3 0
pvesphere/internal/handler/pve_node.go:231.2,233.4 1 0
pvesphere/internal/handler/pve_node.go:245.60,247.49 2 0
pvesphere/internal/handler/pve_node.go:247.49,250.3 2 0
pvesphere/internal/handler/pve_node.go:252.2,253.16 2 0
pvesphere/internal/handler/pve_node.go:253.16,257.3 3 0
pvesphere/internal/handler/pve_node.go:259.2,259.33 1 0
pvesphere/internal/handler/pve_node.go:272.61,274.48 2 0
pvesphere/internal/handler/pve_node.go:274.48,278.3 3 0
pvesphere/internal/handler/pve_node.go:280.2,281.16 2 0
pvesphere/internal/handler/pve_node.go:281.16,285.3 3 0
pvesphere/internal/handler/pve_node.go:287.2,289.4 1 0
pvesphere/internal/handler/pve_node.go:302.60,304.48 2 0
pvesphere/internal/handler/pve_node.go:304.48,308.3 3 0
pvesphere/internal/handler/pve_node.go:310.2,311.16 2 0
pvesphere/internal/handler/pve_node.go:311.16,315.3 3 0
pvesphere/internal/handler/pve_node.go:317.2,319.4 1 0
pvesphere/internal/handler/pve_node.go:332.63,334.48 2 0
pvesphere/internal/handler/pve_node.go:334.48,338.3 3 0
pvesphere/internal/handler/pve_node.go:340.2,341.16 2 0
pvesphere/internal/handler/pve_node.go:341.16,345.3 3 0
pvesphere/internal/handler/pve_node.go:347.2,349.4 1 0
pvesphere/internal/handler/pve_node.go:362.60,364.49 2 0
pvesphere/internal/handler/pve_node.go:364.49,368.3 3 0
pvesphere/internal/handler/pve_node.go:370.2,371.16 2 0
pvesphere/internal/handler/pve_node.go:371.16,375.3 3 0
pvesphere/internal/handler/pve_node.go:377.2,377.33 1 0
pvesphere/internal/handler/pve_node.go:390.62,392.48 2 0
pvesphere/internal/handler/pve_node.go:392.48,396.3 3 0
pvesphere/internal/handler/pve_node.go:398.2,398.66 1 0
pvesphere/internal/handler/pve_node.go:398.66,402.3 3 0
pvesphere/internal/handler/pve_node.go:404.2,404.28 1 0
pvesphere/internal/handler/pve_node.go:417.62,419.48 2 0
pvesphere/internal/handler/pve_node.go:419.48,423.3 3 0
pvesphere/internal/handler/pve_node.go:425.2,425.73 1 0
pvesphere/internal/handler/pve_node.go:425.73,429.3 3 0
pvesphere/internal/handler/pve_node.go:431.2,431.28 1 0
pvesphere/internal/handler/pve_node.go:444.62,446.48 2 0
pvesphere/internal/handler/pve_node.go:446.48,450.3 3 0
pvesphere/internal/handler/pve_node.go:452.2,452.73 1 0
pvesphere/internal/handler/pve_node.go:452.73,456.3 3 0
pvesphere/internal/handler/pve_node.go:458.2,458.28 1 0
pvesphere/internal/handler/pve_node.go:472.59,474.49 2 0
pvesphere/internal/handler/pve_node.go:474.49,477.3 2 0
pvesphere/internal/handler/pve_node.go:479.2,480.16 2 0
pvesphere/internal/handler/pve_node.go:480.16,484.3 3 0
pvesphere/internal/handler/pve_node.go:486.2,486.32 1 0
pvesphere/internal/handler/pve_node.go:499.61,501.49 2 0
pvesphere/internal/handler/pve_node.go:501.49,504.3 2 0
pvesphere/internal/handler/pve_node.go:506.2,507.16 2 0
pvesphere/internal/handler/pve_node.go:507.16,511.3 3 0
pvesphere/internal/handler/pve_node.go:513.2,513.30 1 0
pvesphere/internal/handler/pve_node.go:525.66,527.49 2 0
pvesphere/internal/handler/pve_node.go:527.49,530.3 2 0
pvesphere/internal/handler/pve_node.go:532.2,533.16 2 0
pvesphere/internal/handler/pve_node.go:533.16,537.3 3 0
pvesphere/internal/handler/pve_node.go:539.2,539.36 1 0
pvesphere/internal/handler/pve_node.go:551.60,553.49 2 0
pvesphere/internal/handler/pve_node.go:553.49,556.3 2 0
pvesphere/internal/handler/pve_node.go:558.2,559.16 2 0
pvesphere/internal/handler/pve_node.go:559.16,563.3 3 0
pvesphere/internal/handler/pve_node.go:565.2,565.29 1 0
pvesphere/internal/handler/pve_node.go:577.64,579.49 2 0
pvesphere/internal/handler/pve_node.go:579.49,582.3 2 0
pvesphere/internal/handler/pve_node.go:584.2,585.16 2 0
pvesphere/internal/handler/pve_node.go:585.16,589.3 3 0
pvesphere/internal/handler/pve_node.go:591.2,591.33 1 0
pvesphere/internal/handler/pve_node.go:603.60,605.49 2 0
pvesphere/internal/handler/pve_node.go:605.49,608.3 2 0
pvesphere/internal/handler/pve_node.go:610.2,611.16 2 0
pvesphere/internal/handler/pve_node.go:611.16,615.3 3 0
pvesphere/internal/handler/pve_node.go:617.2,617.29 1 0
pvesphere/internal/handler/pve_node.go:629.56,631.48 2 0
pvesphere/internal/handler/pve_node.go:631.48,634.3 2 0
pvesphere/internal/handler/pve_node.go:636.2,637.16 2 0
pvesphere/internal/handler/pve_node.go:637.16,641.3 3 0
pvesphere/internal/handler/pve_node.go:643.2,643.29 1 0
pvesphere/internal/handler/pve_node.go:655.53,657.48 2 0
pvesphere/internal/handler/pve_node.go:657.48,660.3 2 0
pvesphere/internal/handler/pve_node.go:662.2,663.16 2 0
pvesphere/internal/handler/pve_node.go:663.16,667.3 3 0
pvesphere/internal/handler/pve_node.go:669.2,669.29 1 0
pvesphere/internal/handler/pve_node.go:682.65,684.49 2 0
pvesphere/internal/handler/pve_node.go:684.49,687.3 2 0
pvesphere/internal/handler/pve_node.go:689.2,690.16 2 0
pvesphere/internal/handler/pve_node.go:690.16,694.3 3 0
pvesphere/internal/handler/pve_node.go:696.2,696.29 1 0
pvesphere/internal/handler/pve_node.go:711.66,713.49 2 0
pvesphere/internal/handler/pve_node.go:713.49,716.3 2 0
pvesphere/internal/handler/pve_node.go:718.2,719.16 2 0
pvesphere/internal/handler/pve_node.go:719.16,723.3 3 0
pvesphere/internal/handler/pve_node.go:725.2,725.29 1 0
pvesphere/internal/handler/pve_node.go:739.66,741.49 2 0
pvesphere/internal/handler/pve_node.go:741.49,744.3 2 0
pvesphere/internal/handler/pve_node.go:746.2,747.16 2 0
pvesphere/internal/handler/pve_node.go:747.16,751.3 3 0
pvesphere/internal/handler/pve_node.go:753.2,753.30 1 0
pvesphere/internal/handler/pve_node.go:767.65,769.49 2 0
pvesphere/internal/handler/pve_node.go:769.49,772.3 2 0
pvesphere/internal/handler/pve_node.go:774.2,775.16 2 0
pvesphere/internal/handler/pve_node.go:775.16,779.3 3 0
pvesphere/internal/handler/pve_node.go:781.2,781.29 1 0
pvesphere/internal/handler/pve_node.go:796.69,798.21 2 0
pvesphere/internal/handler/pve_node.go:798.21,801.3 2 0
pvesphere/internal/handler/pve_node.go:802.2,803.16 2 0
pvesphere/internal/handler/pve_node.go:803.16,806.3 2 0
pvesphere/internal/handler/pve_node.go:808.2,809.19 2 0
pvesphere/internal/handler/pve_node.go:809.19,812.3 2 0
pvesphere/internal/handler/pve_node.go:813.2,816.16 3 0
pvesphere/internal/handler/pve_node.go:816.16,819.3 2 0
pvesphere/internal/handler/pve_node.go:820.2,823.16 3 0
pvesphere/internal/handler/pve_node.go:823.16,827.3 3 0
pvesphere/internal/handler/pve_node.go:829.2,829.31 1 0
pvesphere/internal/handler/pve_node.go:844.69,846.50 2 0
pvesphere/internal/handler/pve_node.go:846.50,849.3 2 0
pvesphere/internal/handler/pve_node.go:851.2,852.40 2 0
pvesphere/internal/handler/pve_node.go:852.40,854.3 1 0
pvesphere/internal/handler/pve_node.go:856.2,856.112 1 0
pvesphere/internal/handler/pve_node.go:856.112,860.3 3 0
pvesphere/internal/handler/pve_node.go:862.2,862.28 1 0
pvesphere/internal/handler/pve_node.go:875.59,877.48 2 0
pvesphere/internal/handler/pve_node.go:877.48,880.3 2 0
pvesphere/internal/handler/pve_node.go:882.2,883.16 2 0
pvesphere/internal/handler/pve_node.go:883.16,886.91 2 0
pvesphere/internal/handler/pve_node.go:886.91,888.4 1 0
pvesphere/internal/handler/pve_node.go:888.9,895.4 1 0
pvesphere/internal/handler/pve_node.go:896.3,896.9 1 0
pvesphere/internal/handler/pve_node.go:900.3,901.20 2 0
pvesphere/internal/handler/pve_node.go:901.20,907.42 4 0
pvesphere/internal/handler/pve_node.go:907.42,909.5 1 0
pvesphere/internal/handler/pve_node.go:909.10,909.37 1 0
pvesphere/internal/handler/pve_node.go:909.37,911.5 1 0
pvesphere/internal/handler/pve_node.go:913.4,914.74 2 0
pvesphere/internal/handler/pve_node.go:914.74,916.5 1 0
pvesphere/internal/handler/pve_node.go:918.4,919.26 2 0
pvesphere/internal/handler/pve_node.go:922.2,922.29 1 0
pvesphere/internal/handler/pve_node.go:932.58,935.43 2 0
pvesphere/internal/handler/pve_node.go:935.43,935.58 1 0
pvesphere/internal/handler/pve_node.go:938.2,939.16 2 0
pvesphere/internal/handler/pve_node.go:939.16,942.3 2 0
pvesphere/internal/handler/pve_node.go:943.2,946.16 3 0
pvesphere/internal/handler/pve_node.go:946.16,950.3 3 0
pvesphere/internal/handler/pve_node.go:951.2,956.42 4 0
pvesphere/internal/handler/pve_node.go:956.42,957.7 1 0
pvesphere/internal/handler/pve_node.go:957.7,959.18 2 0
pvesphere/internal/handler/pve_node.go:959.18,962.5 2 0
pvesphere/internal/handler/pve_node.go:963.4,963.52 1 0
pvesphere/internal/handler/pve_node.go:963.52,966.5 2 0
pvesphere/internal/handler/pve_node.go:970.2,973.9 3 0
pvesphere/internal/handler/pve_storage.go:18.106,23.2 1 0
pvesphere/internal/handler/pve_storage.go:34.61,36.48 2 0
pvesphere/internal/handler/pve_storage.go:36.48,39.3 2 0
pvesphere/internal/handler/pve_storage.go:41.2,41.65 1 0
pvesphere/internal/handler/pve_storage.go:41.65,45.3 3 0
pvesphere/internal/handler/pve_storage.go:47.2,47.28 1 0
pvesphere/internal/handler/pve_storage.go:60.61,63.16 3 0
pvesphere/internal/handler/pve_storage.go:63.16,66.3 2 0
pvesphere/internal/handler/pve_storage.go:68.2,69.48 2 0
pvesphere/internal/handler/pve_storage.go:69.48,72.3 2 0
pvesphere/internal/handler/pve_storage.go:74.2,74.69 1 0
pvesphere/internal/handler/pve_storage.go:74.69,78.3 3 0
pvesphere/internal/handler/pve_storage.go:80.2,80.28 1 0
pvesphere/internal/handler/pve_storage.go:92.61,95.16 3 0
pvesphere/internal/handler/pve_storage.go:95.16,98.3 2 0
pvesphere/internal/handler/pve_storage.go:100.2,100.64 1 0
pvesphere/internal/handler/pve_storage.go:100.64,104.3 3 0
pvesphere/internal/handler/pve_storage.go:106.2,106.28 1 0
pvesphere/internal/handler/pve_storage.go:118.58,121.16 3 0
pvesphere/internal/handler/pve_storage.go:121.16,124.3 2 0
pvesphere/internal/handler/pve_storage.go:126.2,127.16 2 0
pvesphere/internal/handler/pve_storage.go:127.16,131.3 3 0
pvesphere/internal/handler/pve_storage.go:133.2,133.32 1 0
pvesphere/internal/handler/pve_storage.go:150.60,152.49 2 0
pvesphere/internal/handler/pve_storage.go:152.49,155.3 2 0
pvesphere/internal/handler/pve_storage.go:158.2,158.19 1 0
pvesphere/internal/handler/pve_storage.go:158.19,160.3 1 0
pvesphere/internal/handler/pve_storage.go:161.2,161.23 1 0
pvesphere/internal/handler/pve_storage.go:161.23,163.3 1 0
pvesphere/internal/handler/pve_storage.go:165.2,165.24 1 0
pvesphere/internal/handler/pve_storage.go:165.24,167.3 1 0
pvesphere/internal/handler/pve_storage.go:169.2,170.16 2 0
pvesphere/internal/handler/pve_storage.go:170.16,174.3 3 0
pvesphere/internal/handler/pve_storage.go:176.2,176.29 1 0
pvesphere/internal/handler/pve_task.go:18.94,23.2 1 0
pvesphere/internal/handler/pve_task.go:34.61,36.49 2 0
pvesphere/internal/handler/pve_task.go:36.49,39.3 2 0
pvesphere/internal/handler/pve_task.go:41.2,42.16 2 0
pvesphere/internal/handler/pve_task.go:42.16,46.3 3 0
pvesphere/internal/handler/pve_task.go:48.2,48.30 1 0
pvesphere/internal/handler/pve_task.go:61.58,63.49 2 0
pvesphere/internal/handler/pve_task.go:63.49,66.3 2 0
pvesphere/internal/handler/pve_task.go:68.2,69.16 2 0
pvesphere/internal/handler/pve_task.go:69.16,73.3 3 0
pvesphere/internal/handler/pve_task.go:75.2,75.30 1 0
pvesphere/internal/handler/pve_task.go:91.55,93.49 2 0
pvesphere/internal/handler/pve_task.go:93.49,96.3 2 0
pvesphere/internal/handler/pve_task.go:99.2,99.19 1 0
pvesphere/internal/handler/pve_task.go:99.19,101.3 1 0
pvesphere/internal/handler/pve_task.go:102.2,102.20 1 0
pvesphere/internal/handler/pve_task.go:102.20,104.3 1 0
pvesphere/internal/handler/pve_task.go:106.2,106.22 1 0
pvesphere/internal/handler/pve_task.go:106.22,108.3 1 0
pvesphere/internal/handler/pve_task.go:110.2,111.16 2 0
pvesphere/internal/handler/pve_task.go:111.16,115.3 3 0
pvesphere/internal/handler/pve_task.go:117.2,117.29 1 0
pvesphere/internal/handler/pve_task.go:131.58,133.49 2 0
pvesphere/internal/handler/pve_task.go:133.49,136.3 2 0
pvesphere/internal/handler/pve_task.go:138.2,139.16 2 0
pvesphere/internal/handler/pve_task.go:139.16,143.3 3 0
pvesphere/internal/handler/pve_task.go:145.2,145.31 1 0
pvesphere/internal/handler/pve_task.go:159.53,161.49 2 0
pvesphere/internal/handler/pve_task.go:161.49,164.3 2 0
pvesphere/internal/handler/pve_task.go:166.2,166.57 1 0
pvesphere/internal/handler/pve_task.go:166.57,170.3 3 0
pvesphere/internal/handler/pve_task.go:172.2,172.28 1 0
pvesphere/internal/handler/pve_template.go:19.110,24.2 1 0
pvesphere/internal/handler/pve_template.go:35.63,37.48 2 0
pvesphere/internal/handler/pve_template.go:37.48,40.3 2 0
pvesphere/internal/handler/pve_template.go:42.2,42.67 1 0
pvesphere/internal/handler/pve_template.go:42.67,46.3 3 0
pvesphere/internal/handler/pve_template.go:48.2,48.28 1 0
pvesphere/internal/handler/pve_template.go:61.63,64.16 3 0
pvesphere/internal/handler/pve_template.go:64.16,67.3 2 0
pvesphere/internal/handler/pve_template.go:69.2,70.48 2 0
pvesphere/internal/handler/pve_template.go:70.48,73.3 2 0
pvesphere/internal/handler/pve_template.go:75.2,75.71 1 0
pvesphere/internal/handler/pve_template.go:75.71,79.3 3 0
pvesphere/internal/handler/pve_template.go:81.2,81.28 1 0
pvesphere/internal/handler/pve_template.go:93.63,96.16 3 0
pvesphere/internal/handler/pve_template.go:96.16,99.3 2 0
pvesphere/internal/handler/pve_template.go:101.2,101.66 1 0
pvesphere/internal/handler/pve_template.go:101.66,105.3 3 0
pvesphere/internal/handler/pve_template.go:107.2,107.28 1 0
pvesphere/internal/handler/pve_template.go:119.60,122.16 3 0
pvesphere/internal/handler/pve_template.go:122.16,125.3 2 0
pvesphere/internal/handler/pve_template.go:127.2,128.16 2 0
pvesphere/internal/handler/pve_template.go:128.16,132.3 3 0
pvesphere/internal/handler/pve_template.go:134.2,134.29 1 0
pvesphere/internal/handler/pve_template.go:148.62,150.49 2 0
pvesphere/internal/handler/pve_template.go:150.49,153.3 2 0
pvesphere/internal/handler/pve_template.go:156.2,156.19 1 0
pvesphere/internal/handler/pve_template.go:156.19,158.3 1 0
pvesphere/internal/handler/pve_template.go:159.2,159.23 1 0
pvesphere/internal/handler/pve_template.go:159.23,161.3 1 0
pvesphere/internal/handler/pve_template.go:163.2,163.24 1 0
pvesphere/internal/handler/pve_template.go:163.24,165.3 1 0
pvesphere/internal/handler/pve_template.go:167.2,168.16 2 0
pvesphere/internal/handler/pve_template.go:168.16,172.3 3 0
pvesphere/internal/handler/pve_template.go:174.2,174.29 1 0
pvesphere/internal/handler/pve_vm.go:22.86,27.2 1 0
pvesphere/internal/handler/pve_vm.go:39.51,41.48 2 0
pvesphere/internal/handler/pve_vm.go:41.48,44.3 2 0
pvesphere/internal/handler/pve_vm.go:46.2,46.55 1 0
pvesphere/internal/handler/pve_vm.go:46.55,50.3 3 0
pvesphere/internal/handler/pve_vm.go:52.2,52.28 1 0
pvesphere/internal/handler/pve_vm.go:65.60,67.48 2 0
pvesphere/internal/handler/pve_vm.go:67.48,70.3 2 0
pvesphere/internal/handler/pve_vm.go:72.2,72.64 1 0
pvesphere/internal/handler/pve_vm.go:72.64,76.3 3 0
pvesphere/internal/handler/pve_vm.go:78.2,78.28 1 0
pvesphere/internal/handler/pve_vm.go:91.51,94.16 3 0
pvesphere/internal/handler/pve_vm.go:94.16,97.3 2 0
pvesphere/internal/handler/pve_vm.go:99.2,100.48 2 0
pvesphere/internal/handler/pve_vm.go:100.48,103.3 2 0
pvesphere/internal/handler/pve_vm.go:105.2,105.59 1 0
pvesphere/internal/handler/pve_vm.go:105.59,109.3 3 0
pvesphere/internal/handler/pve_vm.go:111.2,111.28 1 0
pvesphere/internal/handler/pve_vm.go:123.51,126.16 3 0
pvesphere/internal/handler/pve_vm.go:126.16,129.3 2 0
pvesphere/internal/handler/pve_vm.go:131.2,131.54 1 0
pvesphere/internal/handler/pve_vm.go:131.54,135.3 3 0
pvesphere/internal/handler/pve_vm.go:137.2,137.28 1 0
pvesphere/internal/handler/pve_vm.go:149.48,152.16 3 0
pvesphere/internal/handler/pve_vm.go:152.16,155.3 2 0
pvesphere/internal/handler/pve_vm.go:157.2,158.16 2 0
pvesphere/internal/handler/pve_vm.go:158.16,162.3 3 0
pvesphere/internal/handler/pve_vm.go:164.2,164.27 1 0
pvesphere/internal/handler/pve_vm.go:181.50,183.49 2 0
pvesphere/internal/handler/pve_vm.go:183.49,186.3 2 0
pvesphere/internal/handler/pve_vm.go:189.2,189.19 1 0
pvesphere/internal/handler/pve_vm.go:189.19,191.3 1 0
pvesphere/internal/handler/pve_vm.go:192.2,192.23 1 0
pvesphere/internal/handler/pve_vm.go:192.23,194.3 1 0
pvesphere/internal/handler/pve_vm.go:196.2,196.24 1 0
pvesphere/internal/handler/pve_vm.go:196.24,198.3 1 0
pvesphere/internal/handler/pve_vm.go:200.2,201.16 2 0
pvesphere/internal/handler/pve_vm.go:201.16,205.3 3 0
pvesphere/internal/handler/pve_vm.go:207.2,207.29 1 0
pvesphere/internal/handler/pve_vm.go:219.50,222.16 3 0
pvesphere/internal/handler/pve_vm.go:222.16,225.3 2 0
pvesphere/internal/handler/pve_vm.go:227.2,227.53 1 0
pvesphere/internal/handler/pve_vm.go:227.53,231.3 3 0
pvesphere/internal/handler/pve_vm.go:233.2,233.28 1 0
pvesphere/internal/handler/pve_vm.go:245.49,248.16 3 0
pvesphere/internal/handler/pve_vm.go:248.16,251.3 2 0
pvesphere/internal/handler/pve_vm.go:253.2,253.52 1 0
pvesphere/internal/handler/pve_vm.go:253.52,257.3 3 0
pvesphere/internal/handler/pve_vm.go:259.2,259.28 1 0
pvesphere/internal/handler/pve_vm.go:271.61,273.49 2 0
pvesphere/internal/handler/pve_vm.go:273.49,276.3 2 0
pvesphere/internal/handler/pve_vm.go:278.2,279.16 2 0
pvesphere/internal/handler/pve_vm.go:279.16,283.3 3 0
pvesphere/internal/handler/pve_vm.go:285.2,285.31 1 0
pvesphere/internal/handler/pve_vm.go:297.61,299.49 2 0
pvesphere/internal/handler/pve_vm.go:299.49,302.3 2 0
pvesphere/internal/handler/pve_vm.go:304.2,305.16 2 0
pvesphere/internal/handler/pve_vm.go:305.16,309.3 3 0
pvesphere/internal/handler/pve_vm.go:311.2,311.31 1 0
pvesphere/internal/handler/pve_vm.go:323.57,325.48 2 0
pvesphere/internal/handler/pve_vm.go:325.48,328.3 2 0
pvesphere/internal/handler/pve_vm.go:330.2,330.61 1 0
pvesphere/internal/handler/pve_vm.go:330.61,334.3 3 0
pvesphere/internal/handler/pve_vm.go:336.2,336.28 1 0
pvesphere/internal/handler/pve_vm.go:348.54,350.49 2 0
pvesphere/internal/handler/pve_vm.go:350.49,353.3 2 0
pvesphere/internal/handler/pve_vm.go:355.2,356.16 2 0
pvesphere/internal/handler/pve_vm.go:356.16,360.3 3 0
pvesphere/internal/handler/pve_vm.go:362.2,362.31 1 0
pvesphere/internal/handler/pve_vm.go:376.55,378.49 2 0
pvesphere/internal/handler/pve_vm.go:378.49,381.3 2 0
pvesphere/internal/handler/pve_vm.go:383.2,384.16 2 0
pvesphere/internal/handler/pve_vm.go:384.16,388.3 3 0
pvesphere/internal/handler/pve_vm.go:390.2,390.32 1 0
pvesphere/internal/handler/pve_vm.go:403.55,405.48 2 0
pvesphere/internal/handler/pve_vm.go:405.48,408.3 2 0
pvesphere/internal/handler/pve_vm.go:410.2,411.16 2 0
pvesphere/internal/handler/pve_vm.go:411.16,415.3 3 0
pvesphere/internal/handler/pve_vm.go:419.2,420.19 2 0
pvesphere/internal/handler/pve_vm.go:420.19,426.41 4 0
pvesphere/internal/handler/pve_vm.go:426.41,428.4 1 0
pvesphere/internal/handler/pve_vm.go:428.9,428.36 1 0
pvesphere/internal/handler/pve_vm.go:428.36,430.4 1 0
pvesphere/internal/handler/pve_vm.go:432.3,433.73 2 0
pvesphere/internal/handler/pve_vm.go:433.73,435.4 1 0
pvesphere/internal/handler/pve_vm.go:437.3,438.25 2 0
pvesphere/internal/handler/pve_vm.go:441.2,441.29 1 0
pvesphere/internal/handler/pve_vm.go:451.54,454.43 2 0
pvesphere/internal/handler/pve_vm.go:454.43,454.58 1 0
pvesphere/internal/handler/pve_vm.go:457.2,458.16 2 0
pvesphere/internal/handler/pve_vm.go:458.16,460.3 1 0
pvesphere/internal/handler/pve_vm.go:461.2,464.16 3 0
pvesphere/internal/handler/pve_vm.go:464.16,467.3 2 0
pvesphere/internal/handler/pve_vm.go:468.2,471.42 3 0
pvesphere/internal/handler/pve_vm.go:471.42,472.7 1 0
pvesphere/internal/handler/pve_vm.go:472.7,474.18 2 0
pvesphere/internal/handler/pve_vm.go:474.18,477.5 2 0
pvesphere/internal/handler/pve_vm.go:478.4,478.52 1 0
pvesphere/internal/handler/pve_vm.go:478.52,481.5 2 0
pvesphere/internal/handler/pve_vm.go:485.2,488.9 3 0
pvesphere/internal/handler/pve_vm.go:500.52,502.48 2 0
pvesphere/internal/handler/pve_vm.go:502.48,505.3 2 0
pvesphere/internal/handler/pve_vm.go:507.2,508.16 2 0
pvesphere/internal/handler/pve_vm.go:508.16,512.3 3 0
pvesphere/internal/handler/pve_vm.go:514.2,514.31 1 0
pvesphere/internal/handler/pve_vm.go:526.58,528.48 2 0
pvesphere/internal/handler/pve_vm.go:528.48,531.3 2 0
pvesphere/internal/handler/pve_vm.go:533.2,534.16 2 0
pvesphere/internal/handler/pve_vm.go:534.16,538.3 3 0
pvesphere/internal/handler/pve_vm.go:540.2,540.31 1 0
pvesphere/internal/handler/pve_vm.go:553.55,555.48 2 0
pvesphere/internal/handler/pve_vm.go:555.48,559.3 3 0
pvesphere/internal/handler/pve_vm.go:561.2,562.16 2 0
pvesphere/internal/handler/pve_vm.go:562.16,564.28 2 0
pvesphere/internal/handler/pve_vm.go:564.28,567.4 2 0
pvesphere/internal/handler/pve_vm.go:568.3,569.9 2 0
pvesphere/internal/handler/pve_vm.go:572.2,572.29 1 0
pvesphere/internal/handler/pve_vm.go:585.55,587.48 2 0
pvesphere/internal/handler/pve_vm.go:587.48,591.3 3 0
pvesphere/internal/handler/pve_vm.go:593.2,593.59 1 0
pvesphere/internal/handler/pve_vm.go:593.59,595.28 2 0
pvesphere/internal/handler/pve_vm.go:595.28,598.4 2 0
pvesphere/internal/handler/pve_vm.go:599.3,600.9 2 0
pvesphere/internal/handler/pve_vm.go:603.2,603.28 1 0
pvesphere/internal/handler/pve_vm.go:617.57,619.49 2 0
pvesphere/internal/handler/pve_vm.go:619.49,623.3 3 0
pvesphere/internal/handler/pve_vm.go:625.2,626.16 2 0
pvesphere/internal/handler/pve_vm.go:626.16,628.28 2 0
pvesphere/internal/handler/pve_vm.go:628.28,631.4 2 0
pvesphere/internal/handler/pve_vm.go:632.3,633.9 2 0
pvesphere/internal/handler/pve_vm.go:636.2,636.31 1 0
pvesphere/internal/handler/pve_vm.go:649.60,651.48 2 0
pvesphere/internal/handler/pve_vm.go:651.48,655.3 3 0
pvesphere/internal/handler/pve_vm.go:657.2,657.64 1 0
pvesphere/internal/handler/pve_vm.go:657.64,659.28 2 0
pvesphere/internal/handler/pve_vm.go:659.28,662.4 2 0
pvesphere/internal/handler/pve_vm.go:663.3,664.9 2 0
pvesphere/internal/handler/pve_vm.go:667.2,667.28 1 0
pvesphere/internal/handler/template_management.go:22.30,27.2 1 0
pvesphere/internal/handler/template_management.go:38.70,41.49 2 0
pvesphere/internal/handler/template_management.go:41.49,47.3 3 0
pvesphere/internal/handler/template_management.go:50.2,51.16 2 0
pvesphere/internal/handler/template_management.go:51.16,54.3 2 0
pvesphere/internal/handler/template_management.go:56.2,56.29 1 0
pvesphere/internal/handler/template_management.go:69.73,72.17 2 0
pvesphere/internal/handler/template_management.go:72.17,75.3 2 0
pvesphere/internal/handler/template_management.go:77.2,78.16 2 0
pvesphere/internal/handler/template_management.go:78.16,81.3 2 0
pvesphere/internal/handler/template_management.go:84.2,89.16 4 0
pvesphere/internal/handler/template_management.go:89.16,92.3 2 0
pvesphere/internal/handler/template_management.go:94.2,94.29 1 0
pvesphere/internal/handler/template_management.go:107.68,110.17 2 0
pvesphere/internal/handler/template_management.go:110.17,113.3 2 0
pvesphere/internal/handler/template_management.go:115.2,116.16 2 0
pvesphere/internal/handler/template_management.go:116.16,119.3 2 0
pvesphere/internal/handler/template_management.go:122.2,123.49 2 0
pvesphere/internal/handler/template_management.go:123.49,126.3 2 0
pvesphere/internal/handler/template_management.go:129.2,130.16 2 0
pvesphere/internal/handler/template_management.go:130.16,133.3 2 0
pvesphere/internal/handler/template_management.go:135.2,135.29 1 0
pvesphere/internal/handler/template_management.go:147.67,150.21 2 0
pvesphere/internal/handler/template_management.go:150.21,153.3 2 0
pvesphere/internal/handler/template_management.go:155.2,156.16 2 0
pvesphere/internal/handler/template_management.go:156.16,159.3 2 0
pvesphere/internal/handler/template_management.go:162.2,163.16 2 0
pvesphere/internal/handler/template_management.go:163.16,166.3 2 0
pvesphere/internal/handler/template_management.go:168.2,168.29 1 0
pvesphere/internal/handler/template_management.go:183.69,188.19 3 0
pvesphere/internal/handler/template_management.go:188.19,190.17 2 0
pvesphere/internal/handler/template_management.go:190.17,192.4 1 0
pvesphere/internal/handler/template_management.go:194.2,194.19 1 0
pvesphere/internal/handler/template_management.go:194.19,196.3 1 0
pvesphere/internal/handler/template_management.go:198.2,199.23 2 0
pvesphere/internal/handler/template_management.go:199.23,201.17 2 0
pvesphere/internal/handler/template_management.go:201.17,203.4 1 0
pvesphere/internal/handler/template_management.go:205.2,205.23 1 0
pvesphere/internal/handler/template_management.go:205.23,207.3 1 0
pvesphere/internal/handler/template_management.go:209.2,210.25 2 0
pvesphere/internal/handler/template_management.go:210.25,212.17 2 0
pvesphere/internal/handler/template_management.go:212.17,214.4 1 0
pvesphere/internal/handler/template_management.go:217.2,221.16 3 0
pvesphere/internal/handler/template_management.go:221.16,224.3 2 0
pvesphere/internal/handler/template_management.go:226.2,226.29 1 0
pvesphere/internal/handler/template_management.go:238.69,241.21 2 0
pvesphere/internal/handler/template_management.go:241.21,244.3 2 0
pvesphere/internal/handler/template_management.go:246.2,247.16 2 0
pvesphere/internal/handler/template_management.go:247.16,250.3 2 0
pvesphere/internal/handler/template_management.go:253.2,254.16 2 0
pvesphere/internal/handler/template_management.go:254.16,257.3 2 0
pvesphere/internal/handler/template_management.go:259.2,262.4 1 0
pvesphere/internal/handler/template_management.go:274.77,277.17 2 0
pvesphere/internal/handler/template_management.go:277.17,280.3 2 0
pvesphere/internal/handler/template_management.go:282.2,283.16 2 0
pvesphere/internal/handler/template_management.go:283.16,286.3 2 0
pvesphere/internal/handler/template_management.go:289.2,290.16 2 0
pvesphere/internal/handler/template_management.go:290.16,293.3 2 0
pvesphere/internal/handler/template_management.go:295.2,295.29 1 0
pvesphere/internal/handler/user.go:17.85,22.2 1 1
pvesphere/internal/handler/user.go:34.50,36.48 2 1
pvesphere/internal/handler/user.go:36.48,39.3 2 0
pvesphere/internal/handler/user.go:41.2,41.57 1 1
pvesphere/internal/handler/user.go:41.57,45.3 3 0
pvesphere/internal/handler/user.go:47.2,47.28 1 1
pvesphere/internal/handler/user.go:60.47,62.49 2 1
pvesphere/internal/handler/user.go:62.49,65.3 2 0
pvesphere/internal/handler/user.go:67.2,68.16 2 1
pvesphere/internal/handler/user.go:68.16,71.3 2 0
pvesphere/internal/handler/user.go:72.2,74.4 1 1
pvesphere/internal/handler/user.go:87.52,89.18 2 1
pvesphere/internal/handler/user.go:89.18,92.3 2 0
pvesphere/internal/handler/user.go:94.2,95.16 2 1
pvesphere/internal/handler/user.go:95.16,97.32 2 0
pvesphere/internal/handler/user.go:97.32,99.4 1 0
pvesphere/internal/handler/user.go:99.9,99.35 1 0
pvesphere/internal/handler/user.go:99.35,101.4 1 0
pvesphere/internal/handler/user.go:101.9,103.4 1 0
pvesphere/internal/handler/user.go:104.3,104.9 1 0
pvesphere/internal/handler/user.go:107.2,107.29 1 1
pvesphere/internal/handler/user.go:121.55,123.18 2 1
pvesphere/internal/handler/user.go:123.18,126.3 2 0
pvesphere/internal/handler/user.go:128.2,129.49 2 1
pvesphere/internal/handler/user.go:129.49,132.3 2 0
pvesphere/internal/handler/user.go:135.2,135.106 1 1
pvesphere/internal/handler/user.go:135.106,138.3 2 0
pvesphere/internal/handler/user.go:140.2,140.71 1 1
pvesphere/internal/handler/user.go:140.71,142.32 2 0
pvesphere/internal/handler/user.go:142.32,144.4 1 0
pvesphere/internal/handler/user.go:144.9,146.4 1 0
pvesphere/internal/handler/user.go:147.3,147.9 1 0
pvesphere/internal/handler/user.go:150.2,150.28 1 1
pvesphere/internal/repository/pve_cluster.go:24.66,26.2 1 0
pvesphere/internal/repository/pve_cluster.go:32.93,34.2 1 0
pvesphere/internal/repository/pve_cluster.go:36.93,38.2 1 0
pvesphere/internal/repository/pve_cluster.go:40.98,42.76 2 0
pvesphere/internal/repository/pve_cluster.go:42.76,43.45 1 0
pvesphere/internal/repository/pve_cluster.go:43.45,45.4 1 0
pvesphere/internal/repository/pve_cluster.go:46.3,46.18 1 0
pvesphere/internal/repository/pve_cluster.go:48.2,48.22 1 0
pvesphere/internal/repository/pve_cluster.go:51.117,53.95 2 0
pvesphere/internal/repository/pve_cluster.go:53.95,54.45 1 0
pvesphere/internal/repository/pve_cluster.go:54.45,56.4 1 0
pvesphere/internal/repository/pve_cluster.go:57.3,57.18 1 0
pvesphere/internal/repository/pve_cluster.go:59.2,59.22 1 0
pvesphere/internal/repository/pve_cluster.go:62.87,64.56 2 0
pvesphere/internal/repository/pve_cluster.go:64.56,66.3 1 0
pvesphere/internal/repository/pve_cluster.go:67.2,67.22 1 0
pvesphere/internal/repository/pve_cluster.go:70.100,72.87 2 0
pvesphere/internal/repository/pve_cluster.go:72.87,74.3 1 0
pvesphere/internal/repository/pve_cluster.go:75.2,75.22 1 0
pvesphere/internal/repository/pve_cluster.go:78.96,80.83 2 0
pvesphere/internal/repository/pve_cluster.go:80.83,82.3 1 0
pvesphere/internal/repository/pve_cluster.go:83.2,83.22 1 0
pvesphere/internal/repository/pve_cluster.go:86.76,88.2 1 0
pvesphere/internal/repository/pve_cluster.go:90.148,96.15 4 0
pvesphere/internal/repository/pve_cluster.go:96.15,98.3 1 0
pvesphere/internal/repository/pve_cluster.go:99.2,99.18 1 0
pvesphere/internal/repository/pve_cluster.go:99.18,101.3 1 0
pvesphere/internal/repository/pve_cluster.go:103.2,103.50 1 0
pvesphere/internal/repository/pve_cluster.go:103.50,105.3 1 0
pvesphere/internal/repository/pve_cluster.go:107.2,108.83 2 0
pvesphere/internal/repository/pve_cluster.go:108.83,110.3 1 0
pvesphere/internal/repository/pve_cluster.go:112.2,112.29 1 0
pvesphere/internal/repository/pve_cluster.go:116.112,117.19 1 0
pvesphere/internal/repository/pve_cluster.go:117.19,119.3 1 0
pvesphere/internal/repository/pve_cluster.go:121.2,122.78 2 0
pvesphere/internal/repository/pve_cluster.go:122.78,124.3 1 0
pvesphere/internal/repository/pve_cluster.go:126.2,127.35 2 0
pvesphere/internal/repository/pve_cluster.go:127.35,129.3 1 0
pvesphere/internal/repository/pve_cluster.go:130.2,130.20 1 0
pvesphere/internal/repository/pve_node.go:27.60,29.2 1 0
pvesphere/internal/repository/pve_node.go:35.84,37.2 1 0
pvesphere/internal/repository/pve_node.go:39.84,41.2 1 0
pvesphere/internal/repository/pve_node.go:43.92,45.73 2 0
pvesphere/internal/repository/pve_node.go:45.73,46.45 1 0
pvesphere/internal/repository/pve_node.go:46.45,48.4 1 0
pvesphere/internal/repository/pve_node.go:49.3,49.18 1 0
pvesphere/internal/repository/pve_node.go:51.2,51.19 1 0
pvesphere/internal/repository/pve_node.go:54.122,56.116 2 0
pvesphere/internal/repository/pve_node.go:56.116,57.45 1 0
pvesphere/internal/repository/pve_node.go:57.45,59.4 1 0
pvesphere/internal/repository/pve_node.go:60.3,60.18 1 0
pvesphere/internal/repository/pve_node.go:62.2,62.19 1 0
pvesphere/internal/repository/pve_node.go:65.108,67.88 2 0
pvesphere/internal/repository/pve_node.go:67.88,69.3 1 0
pvesphere/internal/repository/pve_node.go:70.2,70.19 1 0
pvesphere/internal/repository/pve_node.go:73.84,76.16 2 0
pvesphere/internal/repository/pve_node.go:76.16,78.3 1 0
pvesphere/internal/repository/pve_node.go:81.2,81.29 1 0
pvesphere/internal/repository/pve_node.go:81.30,84.3 0 0
pvesphere/internal/repository/pve_node.go:87.2,87.21 1 0
pvesphere/internal/repository/pve_node.go:87.21,89.3 1 0
pvesphere/internal/repository/pve_node.go:92.2,92.61 1 0
pvesphere/internal/repository/pve_node.go:92.61,95.3 2 0
pvesphere/internal/repository/pve_node.go:98.2,99.28 2 0
pvesphere/internal/repository/pve_node.go:102.125,114.44 3 0
pvesphere/internal/repository/pve_node.go:114.44,116.3 1 0
pvesphere/internal/repository/pve_node.go:117.2,117.16 1 0
pvesphere/internal/repository/pve_node.go:117.16,119.3 1 0
pvesphere/internal/repository/pve_node.go:121.2,121.44 1 0
pvesphere/internal/repository/pve_node.go:124.85,129.2 1 0
pvesphere/internal/repository/pve_node.go:131.107,133.2 1 0
pvesphere/internal/repository/pve_node.go:135.73,137.2 1 0
pvesphere/internal/repository/pve_node.go:139.159,145.19 4 0
pvesphere/internal/repository/pve_node.go:145.19,147.3 1 0
pvesphere/internal/repository/pve_node.go:148.2,148.15 1 0
pvesphere/internal/repository/pve_node.go:148.15,150.3 1 0
pvesphere/internal/repository/pve_node.go:151.2,151.18 1 0
pvesphere/internal/repository/pve_node.go:151.18,153.3 1 0
pvesphere/internal/repository/pve_node.go:155.2,155.50 1 0
pvesphere/internal/repository/pve_node.go:155.50,157.3 1 0
pvesphere/internal/repository/pve_node.go:159.2,160.97 2 0
pvesphere/internal/repository/pve_node.go:160.97,162.3 1 0
pvesphere/internal/repository/pve_node.go:164.2,164.26 1 0
pvesphere/internal/repository/pve_node.go:168.106,169.19 1 0
pvesphere/internal/repository/pve_node.go:169.19,171.3 1 0
pvesphere/internal/repository/pve_node.go:173.2,174.75 2 0
pvesphere/internal/repository/pve_node.go:174.75,176.3 1 0
pvesphere/internal/repository/pve_node.go:178.2,179.29 2 0
pvesphere/internal/repository/pve_node.go:179.29,181.3 1 0
pvesphere/internal/repository/pve_node.go:182.2,182.20 1 0
pvesphere/internal/repository/pve_storage.go:27.66,29.2 1 0
pvesphere/internal/repository/pve_storage.go:35.93,37.2 1 0
pvesphere/internal/repository/pve_storage.go:39.93,41.2 1 0
pvesphere/internal/repository/pve_storage.go:43.98,45.76 2 0
pvesphere/internal/repository/pve_storage.go:45.76,46.45 1 0
pvesphere/internal/repository/pve_storage.go:46.45,48.4 1 0
pvesphere/internal/repository/pve_storage.go:49.3,49.18 1 0
pvesphere/internal/repository/pve_storage.go:51.2,51.22 1 0
pvesphere/internal/repository/pve_storage.go:54.151,56.153 2 0
pvesphere/internal/repository/pve_storage.go:56.153,57.45 1 0
pvesphere/internal/repository/pve_storage.go:57.45,59.4 1 0
pvesphere/internal/repository/pve_storage.go:60.3,60.18 1 0
pvesphere/internal/repository/pve_storage.go:62.2,62.22 1 0
pvesphere/internal/repository/pve_storage.go:65.114,67.91 2 0
pvesphere/internal/repository/pve_storage.go:67.91,69.3 1 0
pvesphere/internal/repository/pve_storage.go:70.2,70.22 1 0
pvesphere/internal/repository/pve_storage.go:73.137,75.125 2 0
pvesphere/internal/repository/pve_storage.go:75.125,77.3 1 0
pvesphere/internal/repository/pve_storage.go:78.2,78.22 1 0
pvesphere/internal/repository/pve_storage.go:81.93,84.16 2 0
pvesphere/internal/repository/pve_storage.go:84.16,86.3 1 0
pvesphere/internal/repository/pve_storage.go:89.2,89.21 1 0
pvesphere/internal/repository/pve_storage.go:89.21,91.3 1 0
pvesphere/internal/repository/pve_storage.go:94.2,94.64 1 0
pvesphere/internal/repository/pve_storage.go:94.64,97.3 2 0
pvesphere/internal/repository/pve_storage.go:100.2,101.31 2 0
pvesphere/internal/repository/pve_storage.go:104.151,116.44 3 0
pvesphere/internal/repository/pve_storage.go:116.44,118.3 1 0
pvesphere/internal/repository/pve_storage.go:119.2,119.16 1 0
pvesphere/internal/repository/pve_storage.go:119.16,121.3 1 0
pvesphere/internal/repository/pve_storage.go:123.2,123.44 1 0
pvesphere/internal/repository/pve_storage.go:126.88,131.2 1 0
pvesphere/internal/repository/pve_storage.go:133.133,135.2 1 0
pvesphere/internal/repository/pve_storage.go:137.76,139.2 1 0
pvesphere/internal/repository/pve_storage.go:141.188,147.19 4 0
pvesphere/internal/repository/pve_storage.go:147.19,149.3 1 0
pvesphere/internal/repository/pve_storage.go:150.2,150.20 1 0
pvesphere/internal/repository/pve_storage.go:150.20,152.3 1 0
pvesphere/internal/repository/pve_storage.go:153.2,153.23 1 0
pvesphere/internal/repository/pve_storage.go:153.23,155.3 1 0
pvesphere/internal/repository/pve_storage.go:156.2,156.23 1 0
pvesphere/internal/repository/pve_storage.go:156.23,158.3 1 0
pvesphere/internal/repository/pve_storage.go:160.2,160.50 1 0
pvesphere/internal/repository/pve_storage.go:160.50,162.3 1 0
pvesphere/internal/repository/pve_storage.go:164.2,165.100 2 0
pvesphere/internal/repository/pve_storage.go:165.100,167.3 1 0
pvesphere/internal/repository/pve_storage.go:169.2,169.29 1 0
pvesphere/internal/repository/pve_template.go:20.68,22.2 1 0
pvesphere/internal/repository/pve_template.go:28.91,30.2 1 0
pvesphere/internal/repository/pve_template.go:32.91,34.2 1 0
pvesphere/internal/repository/pve_template.go:36.77,38.2 1 0
pvesphere/internal/repository/pve_template.go:40.100,42.72 2 0
pvesphere/internal/repository/pve_template.go:42.72,43.45 1 0
pvesphere/internal/repository/pve_template.go:43.45,45.4 1 0
pvesphere/internal/repository/pve_template.go:46.3,46.18 1 0
pvesphere/internal/repository/pve_template.go:48.2,48.18 1 0
pvesphere/internal/repository/pve_template.go:51.147,56.19 4 0
pvesphere/internal/repository/pve_template.go:56.19,58.3 1 0
pvesphere/internal/repository/pve_template.go:60.2,60.50 1 0
pvesphere/internal/repository/pve_template.go:60.50,62.3 1 0
pvesphere/internal/repository/pve_template.go:64.2,65.96 2 0
pvesphere/internal/repository/pve_template.go:65.96,67.3 1 0
pvesphere/internal/repository/pve_template.go:69.2,69.25 1 0
pvesphere/internal/repository/pve_vm.go:30.56,32.2 1 0
pvesphere/internal/repository/pve_vm.go:38.78,40.2 1 0
pvesphere/internal/repository/pve_vm.go:42.78,44.2 1 0
pvesphere/internal/repository/pve_vm.go:46.88,48.71 2 0
pvesphere/internal/repository/pve_vm.go:48.71,49.45 1 0
pvesphere/internal/repository/pve_vm.go:49.45,51.4 1 0
pvesphere/internal/repository/pve_vm.go:52.3,52.18 1 0
pvesphere/internal/repository/pve_vm.go:54.2,54.17 1 0
pvesphere/internal/repository/pve_vm.go:57.107,59.99 2 0
pvesphere/internal/repository/pve_vm.go:59.99,60.45 1 0
pvesphere/internal/repository/pve_vm.go:60.45,62.4 1 0
pvesphere/internal/repository/pve_vm.go:63.3,63.18 1 0
pvesphere/internal/repository/pve_vm.go:65.2,65.17 1 0
pvesphere/internal/repository/pve_vm.go:68.121,78.44 3 0
pvesphere/internal/repository/pve_vm.go:78.44,80.3 1 0
pvesphere/internal/repository/pve_vm.go:81.2,81.16 1 0
pvesphere/internal/repository/pve_vm.go:81.16,83.3 1 0
pvesphere/internal/repository/pve_vm.go:84.2,84.17 1 0
pvesphere/internal/repository/pve_vm.go:87.104,89.86 2 0
pvesphere/internal/repository/pve_vm.go:89.86,91.3 1 0
pvesphere/internal/repository/pve_vm.go:92.2,92.17 1 0
pvesphere/internal/repository/pve_vm.go:95.109,97.90 2 0
pvesphere/internal/repository/pve_vm.go:97.90,99.3 1 0
pvesphere/internal/repository/pve_vm.go:100.2,100.17 1 0
pvesphere/internal/repository/pve_vm.go:103.78,105.18 1 0
pvesphere/internal/repository/pve_vm.go:105.18,107.3 1 0
pvesphere/internal/repository/pve_vm.go:108.2,108.41 1 0
pvesphere/internal/repository/pve_vm.go:108.41,110.3 1 0
pvesphere/internal/repository/pve_vm.go:113.2,117.19 4 0
pvesphere/internal/repository/pve_vm.go:117.19,119.3 1 0
pvesphere/internal/repository/pve_vm.go:119.8,119.30 1 0
pvesphere/internal/repository/pve_vm.go:119.30,122.3 1 0
pvesphere/internal/repository/pve_vm.go:124.2,124.16 1 0
pvesphere/internal/repository/pve_vm.go:124.16,126.3 1 0
pvesphere/internal/repository/pve_vm.go:129.2,129.21 1 0
pvesphere/internal/repository/pve_vm.go:129.21,132.3 1 0
pvesphere/internal/repository/pve_vm.go:135.2,135.59 1 0
pvesphere/internal/repository/pve_vm.go:135.59,138.3 2 0
pvesphere/internal/repository/pve_vm.go:141.2,142.26 2 0
pvesphere/internal/repository/pve_vm.go:145.112,157.44 3 0
pvesphere/internal/repository/pve_vm.go:157.44,159.3 1 0
pvesphere/internal/repository/pve_vm.go:160.2,160.16 1 0
pvesphere/internal/repository/pve_vm.go:160.16,162.3 1 0
pvesphere/internal/repository/pve_vm.go:164.2,164.44 1 0
pvesphere/internal/repository/pve_vm.go:167.126,183.44 3 0
pvesphere/internal/repository/pve_vm.go:183.44,185.3 1 0
pvesphere/internal/repository/pve_vm.go:186.2,186.16 1 0
pvesphere/internal/repository/pve_vm.go:186.16,188.3 1 0
pvesphere/internal/repository/pve_vm.go:190.2,190.44 1 0
pvesphere/internal/repository/pve_vm.go:193.83,198.2 1 0
pvesphere/internal/repository/pve_vm.go:200.94,202.2 1 0
pvesphere/internal/repository/pve_vm.go:204.71,206.2 1 0
pvesphere/internal/repository/pve_vm.go:208.226,215.19 4 0
pvesphere/internal/repository/pve_vm.go:215.19,217.3 1 0
pvesphere/internal/repository/pve_vm.go:217.8,217.30 1 0
pvesphere/internal/repository/pve_vm.go:217.30,219.3 1 0
pvesphere/internal/repository/pve_vm.go:221.2,221.16 1 0
pvesphere/internal/repository/pve_vm.go:221.16,223.3 1 0
pvesphere/internal/repository/pve_vm.go:223.8,223.27 1 0
pvesphere/internal/repository/pve_vm.go:223.27,225.3 1 0
pvesphere/internal/repository/pve_vm.go:227.2,227.20 1 0
pvesphere/internal/repository/pve_vm.go:227.20,229.3 1 0
pvesphere/internal/repository/pve_vm.go:231.2,231.18 1 0
pvesphere/internal/repository/pve_vm.go:231.18,233.3 1 0
pvesphere/internal/repository/pve_vm.go:234.2,234.17 1 0
pvesphere/internal/repository/pve_vm.go:234.17,236.3 1 0
pvesphere/internal/repository/pve_vm.go:238.2,238.50 1 0
pvesphere/internal/repository/pve_vm.go:238.50,240.3 1 0
pvesphere/internal/repository/pve_vm.go:242.2,243.95 2 0
pvesphere/internal/repository/pve_vm.go:243.95,245.3 1 0
pvesphere/internal/repository/pve_vm.go:247.2,247.24 1 0
pvesphere/internal/repository/pve_vm.go:253.134,264.20 3 0
pvesphere/internal/repository/pve_vm.go:264.20,266.3 1 0
pvesphere/internal/repository/pve_vm.go:268.2,269.16 2 0
pvesphere/internal/repository/pve_vm.go:269.16,270.45 1 0
pvesphere/internal/repository/pve_vm.go:270.45,272.4 1 0
pvesphere/internal/repository/pve_vm.go:273.3,273.18 1 0
pvesphere/internal/repository/pve_vm.go:275.2,275.17 1 0
pvesphere/internal/repository/pve_vm.go:280.118,285.16 3 0
pvesphere/internal/repository/pve_vm.go:285.16,286.45 1 0
pvesphere/internal/repository/pve_vm.go:286.45,288.4 1 0
pvesphere/internal/repository/pve_vm.go:289.3,289.18 1 0
pvesphere/internal/repository/pve_vm.go:291.2,291.17 1 0
pvesphere/internal/repository/repository.go:35.15,42.2 1 0
pvesphere/internal/repository/repository.go:48.48,50.2 1 0
pvesphere/internal/repository/repository.go:54.55,56.14 2 0
pvesphere/internal/repository/repository.go:56.14,57.33 1 0
pvesphere/internal/repository/repository.go:57.33,59.4 1 0
pvesphere/internal/repository/repository.go:61.2,61.30 1 0
pvesphere/internal/repository/repository.go:64.97,65.67 1 0
pvesphere/internal/repository/repository.go:65.67,68.3 2 0
pvesphere/internal/repository/repository.go:71.55,82.16 5 0
pvesphere/internal/repository/repository.go:83.15,86.5 1 0
pvesphere/internal/repository/repository.go:87.18,91.22 1 0
pvesphere/internal/repository/repository.go:92.16,93.56 1 0
pvesphere/internal/repository/repository.go:94.10,95.29 1 0
pvesphere/internal/repository/repository.go:97.2,97.16 1 0
pvesphere/internal/repository/repository.go:97.16,98.13 1 0
pvesphere/internal/repository/repository.go:100.2,104.16 3 0
pvesphere/internal/repository/repository.go:104.16,105.13 1 0
pvesphere/internal/repository/repository.go:107.2,110.11 4 0
pvesphere/internal/repository/repository.go:112.48,123.16 5 0
pvesphere/internal/repository/repository.go:123.16,124.53 1 0
pvesphere/internal/repository/repository.go:127.2,127.12 1 0
pvesphere/internal/repository/repository.go:129.65,134.16 3 0
pvesphere/internal/repository/repository.go:134.16,135.60 1 0
pvesphere/internal/repository/repository.go:138.2,142.16 4 0
pvesphere/internal/repository/repository.go:142.16,143.58 1 0
pvesphere/internal/repository/repository.go:146.2,146.24 1 0
pvesphere/internal/repository/repository.go:146.24,148.17 2 0
pvesphere/internal/repository/repository.go:148.17,149.65 1 0
pvesphere/internal/repository/template_instance.go:27.30,31.2 1 0
pvesphere/internal/repository/template_instance.go:37.106,39.2 1 0
pvesphere/internal/repository/template_instance.go:41.106,43.2 1 0
pvesphere/internal/repository/template_instance.go:45.82,47.2 1 0
pvesphere/internal/repository/template_instance.go:49.110,52.35 3 0
pvesphere/internal/repository/template_instance.go:52.35,54.3 1 0
pvesphere/internal/repository/template_instance.go:55.2,55.16 1 0
pvesphere/internal/repository/template_instance.go:55.16,57.3 1 0
pvesphere/internal/repository/template_instance.go:58.2,58.23 1 0
pvesphere/internal/repository/template_instance.go:61.139,65.35 3 0
pvesphere/internal/repository/template_instance.go:65.35,67.3 1 0
pvesphere/internal/repository/template_instance.go:68.2,68.16 1 0
pvesphere/internal/repository/template_instance.go:68.16,70.3 1 0
pvesphere/internal/repository/template_instance.go:71.2,71.23 1 0
pvesphere/internal/repository/template_instance.go:74.129,79.16 3 0
pvesphere/internal/repository/template_instance.go:79.16,81.3 1 0
pvesphere/internal/repository/template_instance.go:82.2,82.23 1 0
pvesphere/internal/repository/template_instance.go:85.121,90.16 3 0
pvesphere/internal/repository/template_instance.go:90.16,92.3 1 0
pvesphere/internal/repository/template_instance.go:93.2,93.23 1 0
pvesphere/internal/repository/template_instance.go:96.129,100.35 3 0
pvesphere/internal/repository/template_instance.go:100.35,102.3 1 0
pvesphere/internal/repository/template_instance.go:103.2,103.16 1 0
pvesphere/internal/repository/template_instance.go:103.16,105.3 1 0
pvesphere/internal/repository/template_instance.go:106.2,106.23 1 0
pvesphere/internal/repository/template_instance.go:109.103,113.2 1 0
pvesphere/internal/repository/template_instance.go:115.108,119.2 1 0
pvesphere/internal/repository/template_instance.go:121.102,124.2 1 0
pvesphere/internal/repository/template_sync_task.go:27.30,31.2 1 0
pvesphere/internal/repository/template_sync_task.go:37.102,39.2 1 0
pvesphere/internal/repository/template_sync_task.go:41.102,43.2 1 0
pvesphere/internal/repository/template_sync_task.go:45.82,47.2 1 0
pvesphere/internal/repository/template_sync_task.go:49.110,52.35 3 0
pvesphere/internal/repository/template_sync_task.go:52.35,54.3 1 0
pvesphere/internal/repository/template_sync_task.go:55.2,55.16 1 0
pvesphere/internal/repository/template_sync_task.go:55.16,57.3 1 0
pvesphere/internal/repository/template_sync_task.go:58.2,58.19 1 0
pvesphere/internal/repository/template_sync_task.go:61.129,66.16 3 0
pvesphere/internal/repository/template_sync_task.go:66.16,68.3 1 0
pvesphere/internal/repository/template_sync_task.go:69.2,69.19 1 0
pvesphere/internal/repository/template_sync_task.go:72.122,77.16 3 0
pvesphere/internal/repository/template_sync_task.go:77.16,79.3 1 0
pvesphere/internal/repository/template_sync_task.go:80.2,80.19 1 0
pvesphere/internal/repository/template_sync_task.go:83.174,90.42 4 0
pvesphere/internal/repository/template_sync_task.go:90.42,92.3 1 0
pvesphere/internal/repository/template_sync_task.go:93.2,93.18 1 0
pvesphere/internal/repository/template_sync_task.go:93.18,95.3 1 0
pvesphere/internal/repository/template_sync_task.go:98.2,98.50 1 0
pvesphere/internal/repository/template_sync_task.go:98.50,100.3 1 0
pvesphere/internal/repository/template_sync_task.go:103.2,107.34 2 0
pvesphere/internal/repository/template_sync_task.go:107.34,109.3 1 0
pvesphere/internal/repository/template_sync_task.go:111.2,111.26 1 0
pvesphere/internal/repository/template_sync_task.go:114.134,119.20 2 0
pvesphere/internal/repository/template_sync_task.go:119.20,121.3 1 0
pvesphere/internal/repository/template_sync_task.go:122.2,124.25 1 0
pvesphere/internal/repository/template_sync_task.go:127.121,129.22 2 0
pvesphere/internal/repository/template_sync_task.go:129.22,131.3 1 0
pvesphere/internal/repository/template_sync_task.go:132.2,132.20 1 0
pvesphere/internal/repository/template_sync_task.go:132.20,134.3 1 0
pvesphere/internal/repository/template_sync_task.go:135.2,135.23 1 0
pvesphere/internal/repository/template_sync_task.go:135.23,137.3 1 0
pvesphere/internal/repository/template_sync_task.go:138.2,140.25 1 0
pvesphere/internal/repository/template_sync_task.go:143.121,149.16 3 0
pvesphere/internal/repository/template_sync_task.go:149.16,151.3 1 0
pvesphere/internal/repository/template_sync_task.go:152.2,152.19 1 0
pvesphere/internal/repository/template_upload.go:23.28,27.2 1 0
pvesphere/internal/repository/template_upload.go:33.100,35.2 1 0
pvesphere/internal/repository/template_upload.go:37.100,39.2 1 0
pvesphere/internal/repository/template_upload.go:41.80,43.2 1 0
pvesphere/internal/repository/template_upload.go:45.106,48.35 3 0
pvesphere/internal/repository/template_upload.go:48.35,50.3 1 0
pvesphere/internal/repository/template_upload.go:51.2,51.16 1 0
pvesphere/internal/repository/template_upload.go:51.16,53.3 1 0
pvesphere/internal/repository/template_upload.go:54.2,54.21 1 0
pvesphere/internal/repository/template_upload.go:57.122,62.35 3 0
pvesphere/internal/repository/template_upload.go:62.35,64.3 1 0
pvesphere/internal/repository/template_upload.go:65.2,65.16 1 0
pvesphere/internal/repository/template_upload.go:65.16,67.3 1 0
pvesphere/internal/repository/template_upload.go:68.2,68.21 1 0
pvesphere/internal/repository/template_upload.go:71.123,76.16 3 0
pvesphere/internal/repository/template_upload.go:76.16,78.3 1 0
pvesphere/internal/repository/template_upload.go:79.2,79.21 1 0
pvesphere/internal/repository/template_upload.go:82.132,87.20 2 0
pvesphere/internal/repository/template_upload.go:87.20,89.3 1 0
pvesphere/internal/repository/template_upload.go:90.2,92.25 1 0
pvesphere/internal/repository/user.go:21.18,25.2 1 0
pvesphere/internal/repository/user.go:31.78,32.53 1 0
pvesphere/internal/repository/user.go:32.53,34.3 1 0
pvesphere/internal/repository/user.go:35.2,35.12 1 0
pvesphere/internal/repository/user.go:38.78,39.51 1 0
pvesphere/internal/repository/user.go:39.51,41.3 1 0
pvesphere/internal/repository/user.go:42.2,42.12 1 0
pvesphere/internal/repository/user.go:45.91,47.82 2 0
pvesphere/internal/repository/user.go:47.82,48.45 1 0
pvesphere/internal/repository/user.go:48.45,50.4 1 0
pvesphere/internal/repository/user.go:51.3,51.18 1 0
pvesphere/internal/repository/user.go:53.2,53.19 1 0
pvesphere/internal/repository/user.go:56.93,58.79 2 0
pvesphere/internal/repository/user.go:58.79,59.45 1 0
pvesphere/internal/repository/user.go:59.45,61.4 1 0
pvesphere/internal/repository/user.go:62.3,62.18 1 0
pvesphere/internal/repository/user.go:64.2,64.19 1 0
pvesphere/internal/repository/vm_ipaddress.go:19.68,21.2 1 0
pvesphere/internal/repository/vm_ipaddress.go:27.90,29.2 1 0
pvesphere/internal/repository/vm_ipaddress.go:31.90,33.2 1 0
pvesphere/internal/repository/vm_ipaddress.go:35.100,37.71 2 0
pvesphere/internal/repository/vm_ipaddress.go:37.71,38.45 1 0
pvesphere/internal/repository/vm_ipaddress.go:38.45,40.4 1 0
pvesphere/internal/repository/vm_ipaddress.go:41.3,41.18 1 0
pvesphere/internal/repository/vm_ipaddress.go:43.2,43.17 1 0
pvesphere/internal/repository/vm_ipaddress.go:46.106,48.76 2 0
pvesphere/internal/repository/vm_ipaddress.go:48.76,50.3 1 0
pvesphere/internal/repository/vm_ipaddress.go:51.2,51.17 1 0
pvesphere/internal/repository/vm_ipaddress.go:54.85,56.2 1 0
pvesphere/internal/repository/vm_template.go:20.66,22.2 1 0
pvesphere/internal/repository/vm_template.go:28.94,30.2 1 0
pvesphere/internal/repository/vm_template.go:32.94,34.2 1 0
pvesphere/internal/repository/vm_template.go:36.98,38.77 2 0
pvesphere/internal/repository/vm_template.go:38.77,39.45 1 0
pvesphere/internal/repository/vm_template.go:39.45,41.4 1 0
pvesphere/internal/repository/vm_template.go:42.3,42.18 1 0
pvesphere/internal/repository/vm_template.go:44.2,44.23 1 0
pvesphere/internal/repository/vm_template.go:47.136,49.128 2 0
pvesphere/internal/repository/vm_template.go:49.128,50.45 1 0
pvesphere/internal/repository/vm_template.go:50.45,52.4 1 0
pvesphere/internal/repository/vm_template.go:53.3,53.18 1 0
pvesphere/internal/repository/vm_template.go:55.2,55.23 1 0
pvesphere/internal/repository/vm_template.go:58.114,60.92 2 0
pvesphere/internal/repository/vm_template.go:60.92,62.3 1 0
pvesphere/internal/repository/vm_template.go:63.2,63.23 1 0
pvesphere/internal/repository/vm_template.go:67.112,68.19 1 0
pvesphere/internal/repository/vm_template.go:68.19,70.3 1 0
pvesphere/internal/repository/vm_template.go:72.2,73.79 2 0
pvesphere/internal/repository/vm_template.go:73.79,75.3 1 0
pvesphere/internal/repository/vm_template.go:77.2,78.37 2 0
pvesphere/internal/repository/vm_template.go:78.37,80.3 1 0
pvesphere/internal/repository/vm_template.go:81.2,81.20 1 0
pvesphere/internal/service/dashboard.go:34.20,43.2 1 0
pvesphere/internal/service/dashboard.go:55.92,57.16 2 0
pvesphere/internal/service/dashboard.go:57.16,60.3 2 0
pvesphere/internal/service/dashboard.go:62.2,63.35 2 0
pvesphere/internal/service/dashboard.go:63.35,69.3 1 0
pvesphere/internal/service/dashboard.go:71.2,73.8 1 0
pvesphere/internal/service/dashboard.go:77.130,82.52 3 0
pvesphere/internal/service/dashboard.go:82.52,84.17 2 0
pvesphere/internal/service/dashboard.go:84.17,87.4 2 0
pvesphere/internal/service/dashboard.go:88.3,88.21 1 0
pvesphere/internal/service/dashboard.go:88.21,90.4 1 0
pvesphere/internal/service/dashboard.go:91.3,91.42 1 0
pvesphere/internal/service/dashboard.go:92.8,94.17 2 0
pvesphere/internal/service/dashboard.go:94.17,97.4 2 0
pvesphere/internal/service/dashboard.go:101.2,113.35 3 0
pvesphere/internal/service/dashboard.go:113.35,116.17 2 0
pvesphere/internal/service/dashboard.go:116.17,119.12 2 0
pvesphere/internal/service/dashboard.go:121.3,125.17 3 0
pvesphere/internal/service/dashboard.go:125.17,128.12 2 0
pvesphere/internal/service/dashboard.go:130.3,134.17 3 0
pvesphere/internal/service/dashboard.go:134.17,137.12 2 0
pvesphere/internal/service/dashboard.go:139.3,143.24 3 0
pvesphere/internal/service/dashboard.go:144.18,145.20 1 0
pvesphere/internal/service/dashboard.go:146.18,147.20 1 0
pvesphere/internal/service/dashboard.go:148.19,149.21 1 0
pvesphere/internal/service/dashboard.go:153.2,158.8 1 0
pvesphere/internal/service/dashboard.go:162.129,165.28 1 0
pvesphere/internal/service/dashboard.go:165.28,167.3 1 0
pvesphere/internal/service/dashboard.go:170.2,171.29 2 0
pvesphere/internal/service/dashboard.go:171.29,172.30 1 0
pvesphere/internal/service/dashboard.go:172.30,174.4 1 0
pvesphere/internal/service/dashboard.go:177.2,177.50 1 0
pvesphere/internal/service/dashboard.go:177.50,179.3 1 0
pvesphere/internal/service/dashboard.go:179.8,179.29 1 0
pvesphere/internal/service/dashboard.go:179.29,181.3 1 0
pvesphere/internal/service/dashboard.go:183.2,183.18 1 0
pvesphere/internal/service/dashboard.go:187.133,192.52 3 0
pvesphere/internal/service/dashboard.go:192.52,194.17 2 0
pvesphere/internal/service/dashboard.go:194.17,197.4 2 0
pvesphere/internal/service/dashboard.go:198.3,198.21 1 0
pvesphere/internal/service/dashboard.go:198.21,200.4 1 0
pvesphere/internal/service/dashboard.go:201.3,201.42 1 0
pvesphere/internal/service/dashboard.go:202.8,204.17 2 0
pvesphere/internal/service/dashboard.go:204.17,207.4 2 0
pvesphere/internal/service/dashboard.go:211.2,216.35 4 0
pvesphere/internal/service/dashboard.go:216.35,219.17 2 0
pvesphere/internal/service/dashboard.go:219.17,222.12 2 0
pvesphere/internal/service/dashboard.go:226.3,227.17 2 0
pvesphere/internal/service/dashboard.go:227.17,230.12 2 0
pvesphere/internal/service/dashboard.go:234.3,234.38 1 0
pvesphere/internal/service/dashboard.go:234.38,236.30 2 0
pvesphere/internal/service/dashboard.go:236.30,237.13 1 0
pvesphere/internal/service/dashboard.go:241.4,241.54 1 0
pvesphere/internal/service/dashboard.go:241.54,243.5 1 0
pvesphere/internal/service/dashboard.go:244.4,244.48 1 0
pvesphere/internal/service/dashboard.go:244.48,245.55 1 0
pvesphere/internal/service/dashboard.go:245.55,247.6 1 0
pvesphere/internal/service/dashboard.go:251.4,251.54 1 0
pvesphere/internal/service/dashboard.go:251.54,253.5 1 0
pvesphere/internal/service/dashboard.go:254.4,254.48 1 0
pvesphere/internal/service/dashboard.go:254.48,256.5 1 0
pvesphere/internal/service/dashboard.go:259.4,259.56 1 0
pvesphere/internal/service/dashboard.go:259.56,261.5 1 0
pvesphere/internal/service/dashboard.go:262.4,262.50 1 0
pvesphere/internal/service/dashboard.go:262.50,264.5 1 0
pvesphere/internal/service/dashboard.go:269.2,270.23 2 0
pvesphere/internal/service/dashboard.go:270.23,272.3 1 0
pvesphere/internal/service/dashboard.go:274.2,275.21 2 0
pvesphere/internal/service/dashboard.go:275.21,277.3 1 0
pvesphere/internal/service/dashboard.go:279.2,280.22 2 0
pvesphere/internal/service/dashboard.go:280.22,282.3 1 0
pvesphere/internal/service/dashboard.go:284.2,302.8 1 0
pvesphere/internal/service/dashboard.go:306.130,311.20 3 0
pvesphere/internal/service/dashboard.go:311.20,313.3 1 0
pvesphere/internal/service/dashboard.go:316.2,316.52 1 0
pvesphere/internal/service/dashboard.go:316.52,318.17 2 0
pvesphere/internal/service/dashboard.go:318.17,321.4 2 0
pvesphere/internal/service/dashboard.go:322.3,322.21 1 0
pvesphere/internal/service/dashboard.go:322.21,324.4 1 0
pvesphere/internal/service/dashboard.go:325.3,325.42 1 0
pvesphere/internal/service/dashboard.go:326.8,328.17 2 0
pvesphere/internal/service/dashboard.go:328.17,331.4 2 0
pvesphere/internal/service/dashboard.go:335.2,375.35 9 0
pvesphere/internal/service/dashboard.go:375.35,378.17 2 0
pvesphere/internal/service/dashboard.go:378.17,381.12 2 0
pvesphere/internal/service/dashboard.go:386.3,387.17 2 0
pvesphere/internal/service/dashboard.go:387.17,390.4 1 0
pvesphere/internal/service/dashboard.go:390.9,393.18 2 0
pvesphere/internal/service/dashboard.go:393.18,396.5 1 0
pvesphere/internal/service/dashboard.go:399.4,400.31 2 0
pvesphere/internal/service/dashboard.go:400.31,402.5 1 0
pvesphere/internal/service/dashboard.go:405.4,405.43 1 0
pvesphere/internal/service/dashboard.go:405.43,407.31 2 0
pvesphere/internal/service/dashboard.go:407.31,408.14 1 0
pvesphere/internal/service/dashboard.go:411.5,412.23 2 0
pvesphere/internal/service/dashboard.go:412.23,415.40 2 0
pvesphere/internal/service/dashboard.go:415.40,417.7 1 0
pvesphere/internal/service/dashboard.go:420.5,420.23 1 0
pvesphere/internal/service/dashboard.go:420.23,421.14 1 0
pvesphere/internal/service/dashboard.go:425.5,425.49 1 0
pvesphere/internal/service/dashboard.go:425.49,435.6 2 0
pvesphere/internal/service/dashboard.go:439.5,442.52 2 0
pvesphere/internal/service/dashboard.go:442.52,444.6 1 0
pvesphere/internal/service/dashboard.go:444.11,444.57 1 0
pvesphere/internal/service/dashboard.go:444.57,446.6 1 0
pvesphere/internal/service/dashboard.go:446.11,446.55 1 0
pvesphere/internal/service/dashboard.go:446.55,448.6 1 0
pvesphere/internal/service/dashboard.go:450.5,450.58 1 0
pvesphere/internal/service/dashboard.go:450.58,452.6 1 0
pvesphere/internal/service/dashboard.go:452.11,452.63 1 0
pvesphere/internal/service/dashboard.go:452.63,454.6 1 0
pvesphere/internal/service/dashboard.go:454.11,454.61 1 0
pvesphere/internal/service/dashboard.go:454.61,456.6 1 0
pvesphere/internal/service/dashboard.go:459.5,459.31 1 0
pvesphere/internal/service/dashboard.go:459.31,469.6 2 0
pvesphere/internal/service/dashboard.go:469.11,476.6 1 0
pvesphere/internal/service/dashboard.go:481.3,482.17 2 0
pvesphere/internal/service/dashboard.go:482.17,485.4 1 0
pvesphere/internal/service/dashboard.go:485.9,487.18 2 0
pvesphere/internal/service/dashboard.go:487.18,490.40 2 0
pvesphere/internal/service/dashboard.go:490.40,493.6 2 0
pvesphere/internal/service/dashboard.go:496.5,496.40 1 0
pvesphere/internal/service/dashboard.go:496.40,498.35 2 0
pvesphere/internal/service/dashboard.go:498.35,499.15 1 0
pvesphere/internal/service/dashboard.go:502.6,504.45 3 0
pvesphere/internal/service/dashboard.go:504.45,505.15 1 0
pvesphere/internal/service/dashboard.go:509.6,510.47 2 0
pvesphere/internal/service/dashboard.go:510.47,511.15 1 0
pvesphere/internal/service/dashboard.go:515.6,515.52 1 0
pvesphere/internal/service/dashboard.go:515.52,516.74 1 0
pvesphere/internal/service/dashboard.go:516.74,526.8 2 0
pvesphere/internal/service/dashboard.go:533.3,534.17 2 0
pvesphere/internal/service/dashboard.go:534.17,537.12 2 0
pvesphere/internal/service/dashboard.go:540.3,540.38 1 0
pvesphere/internal/service/dashboard.go:540.38,542.55 2 0
pvesphere/internal/service/dashboard.go:542.55,543.13 1 0
pvesphere/internal/service/dashboard.go:546.4,551.48 4 0
pvesphere/internal/service/dashboard.go:551.48,562.5 2 0
pvesphere/internal/service/dashboard.go:565.4,565.48 1 0
pvesphere/internal/service/dashboard.go:565.48,566.69 1 0
pvesphere/internal/service/dashboard.go:566.69,577.6 2 0
pvesphere/internal/service/dashboard.go:583.2,586.40 2 0
pvesphere/internal/service/dashboard.go:586.40,588.3 1 0
pvesphere/internal/service/dashboard.go:589.2,590.46 2 0
pvesphere/internal/service/dashboard.go:590.46,600.3 1 0
pvesphere/internal/service/dashboard.go:603.2,603.43 1 0
pvesphere/internal/service/dashboard.go:603.43,605.3 1 0
pvesphere/internal/service/dashboard.go:606.2,607.49 2 0
pvesphere/internal/service/dashboard.go:607.49,617.3 1 0
pvesphere/internal/service/dashboard.go:620.2,620.42 1 0
pvesphere/internal/service/dashboard.go:620.42,622.3 1 0
pvesphere/internal/service/dashboard.go:623.2,624.48 2 0
pvesphere/internal/service/dashboard.go:624.48,633.3 1 0
pvesphere/internal/service/dashboard.go:636.2,636.45 1 0
pvesphere/internal/service/dashboard.go:636.45,638.3 1 0
pvesphere/internal/service/dashboard.go:639.2,640.51 2 0
pvesphere/internal/service/dashboard.go:640.51,649.3 1 0
pvesphere/internal/service/dashboard.go:652.2,652.43 1 0
pvesphere/internal/service/dashboard.go:652.43,654.3 1 0
pvesphere/internal/service/dashboard.go:655.2,656.49 2 0
pvesphere/internal/service/dashboard.go:656.49,665.3 1 0
pvesphere/internal/service/dashboard.go:668.2,683.8 2 0
pvesphere/internal/service/dashboard.go:687.110,691.35 2 0
pvesphere/internal/service/dashboard.go:691.35,693.17 2 0
pvesphere/internal/service/dashboard.go:693.17,694.12 1 0
pvesphere/internal/service/dashboard.go:697.3,697.30 1 0
pvesphere/internal/service/dashboard.go:697.30,699.31 1 0
pvesphere/internal/service/dashboard.go:699.31,710.5 1 0
pvesphere/internal/service/dashboard.go:714.3,715.17 2 0
pvesphere/internal/service/dashboard.go:715.17,716.12 1 0
pvesphere/internal/service/dashboard.go:724.2,724.14 1 0
pvesphere/internal/service/dashboard.go:728.64,731.28 2 0
pvesphere/internal/service/dashboard.go:731.28,733.3 1 0
pvesphere/internal/service/dashboard.go:733.8,733.33 1 0
pvesphere/internal/service/dashboard.go:733.33,735.3 1 0
pvesphere/internal/service/dashboard.go:735.8,735.36 1 0
pvesphere/internal/service/dashboard.go:735.36,737.3 1 0
pvesphere/internal/service/dashboard.go:737.8,739.3 1 0
pvesphere/internal/service/dashboard.go:743.136,748.52 3 0
pvesphere/internal/service/dashboard.go:748.52,750.17 2 0
pvesphere/internal/service/dashboard.go:750.17,753.4 2 0
pvesphere/internal/service/dashboard.go:754.3,754.21 1 0
pvesphere/internal/service/dashboard.go:754.21,756.4 1 0
pvesphere/internal/service/dashboard.go:757.3,757.42 1 0
pvesphere/internal/service/dashboard.go:758.8,760.17 2 0
pvesphere/internal/service/dashboard.go:760.17,763.4 2 0
pvesphere/internal/service/dashboard.go:767.2,771.35 3 0
pvesphere/internal/service/dashboard.go:771.35,774.17 2 0
pvesphere/internal/service/dashboard.go:774.17,777.12 2 0
pvesphere/internal/service/dashboard.go:781.3,782.17 2 0
pvesphere/internal/service/dashboard.go:782.17,785.12 2 0
pvesphere/internal/service/dashboard.go:789.3,789.30 1 0
pvesphere/internal/service/dashboard.go:789.30,795.27 4 0
pvesphere/internal/service/dashboard.go:795.27,796.13 1 0
pvesphere/internal/service/dashboard.go:800.4,814.6 5 0
pvesphere/internal/service/dashboard.go:819.2,820.67 2 0
pvesphere/internal/service/dashboard.go:820.67,826.3 1 0
pvesphere/internal/service/dashboard.go:827.2,827.71 1 0
pvesphere/internal/service/dashboard.go:827.71,833.3 1 0
pvesphere/internal/service/dashboard.go:834.2,834.72 1 0
pvesphere/internal/service/dashboard.go:834.72,840.3 1 0
pvesphere/internal/service/dashboard.go:841.2,841.60 1 0
pvesphere/internal/service/dashboard.go:841.60,847.3 1 0
pvesphere/internal/service/dashboard.go:849.2,854.8 1 0
pvesphere/internal/service/dashboard.go:858.74,859.18 1 0
pvesphere/internal/service/dashboard.go:860.31,861.24 1 0
pvesphere/internal/service/dashboard.go:862.29,863.28 1 0
pvesphere/internal/service/dashboard.go:864.17,865.29 1 0
pvesphere/internal/service/dashboard.go:866.10,867.17 1 0
pvesphere/internal/service/pve_cluster.go:33.21,40.2 1 0
pvesphere/internal/service/pve_cluster.go:49.100,52.16 2 0
pvesphere/internal/service/pve_cluster.go:52.16,55.3 2 0
pvesphere/internal/service/pve_cluster.go:56.2,56.21 1 0
pvesphere/internal/service/pve_cluster.go:56.21,58.3 1 0
pvesphere/internal/service/pve_cluster.go:60.2,77.59 2 0
pvesphere/internal/service/pve_cluster.go:77.59,80.3 2 0
pvesphere/internal/service/pve_cluster.go:82.2,82.12 1 0
pvesphere/internal/service/pve_cluster.go:85.110,87.16 2 0
pvesphere/internal/service/pve_cluster.go:87.16,90.3 2 0
pvesphere/internal/service/pve_cluster.go:91.2,91.20 1 0
pvesphere/internal/service/pve_cluster.go:91.20,93.3 1 0
pvesphere/internal/service/pve_cluster.go:96.2,96.33 1 0
pvesphere/internal/service/pve_cluster.go:96.33,98.3 1 0
pvesphere/internal/service/pve_cluster.go:99.2,99.20 1 0
pvesphere/internal/service/pve_cluster.go:99.20,101.3 1 0
pvesphere/internal/service/pve_cluster.go:102.2,102.27 1 0
pvesphere/internal/service/pve_cluster.go:102.27,104.3 1 0
pvesphere/internal/service/pve_cluster.go:105.2,105.23 1 0
pvesphere/internal/service/pve_cluster.go:105.23,107.3 1 0
pvesphere/internal/service/pve_cluster.go:108.2,108.23 1 0
pvesphere/internal/service/pve_cluster.go:108.23,110.3 1 0
pvesphere/internal/service/pve_cluster.go:111.2,111.26 1 0
pvesphere/internal/service/pve_cluster.go:111.26,113.3 1 0
pvesphere/internal/service/pve_cluster.go:114.2,114.20 1 0
pvesphere/internal/service/pve_cluster.go:114.20,116.3 1 0
pvesphere/internal/service/pve_cluster.go:117.2,117.26 1 0
pvesphere/internal/service/pve_cluster.go:117.26,119.3 1 0
pvesphere/internal/service/pve_cluster.go:120.2,120.23 1 0
pvesphere/internal/service/pve_cluster.go:120.23,122.3 1 0
pvesphere/internal/service/pve_cluster.go:123.2,123.30 1 0
pvesphere/internal/service/pve_cluster.go:123.30,125.3 1 0
pvesphere/internal/service/pve_cluster.go:126.2,126.26 1 0
pvesphere/internal/service/pve_cluster.go:126.26,128.3 1 0
pvesphere/internal/service/pve_cluster.go:129.2,131.59 2 0
pvesphere/internal/service/pve_cluster.go:131.59,134.3 2 0
pvesphere/internal/service/pve_cluster.go:136.2,136.12 1 0
pvesphere/internal/service/pve_cluster.go:139.80,141.16 2 0
pvesphere/internal/service/pve_cluster.go:141.16,144.3 2 0
pvesphere/internal/service/pve_cluster.go:145.2,145.20 1 0
pvesphere/internal/service/pve_cluster.go:145.20,147.3 1 0
pvesphere/internal/service/pve_cluster.go:150.2,150.28 1 0
pvesphere/internal/service/pve_cluster.go:150.28,153.60 3 0
pvesphere/internal/service/pve_cluster.go:153.60,156.4 2 0
pvesphere/internal/service/pve_cluster.go:157.3,159.52 1 0
pvesphere/internal/service/pve_cluster.go:164.2,164.62 1 0
pvesphere/internal/service/pve_cluster.go:164.62,169.26 3 0
pvesphere/internal/service/pve_cluster.go:169.26,172.4 2 0
pvesphere/internal/service/pve_cluster.go:173.3,177.26 3 0
pvesphere/internal/service/pve_cluster.go:177.26,180.4 2 0
pvesphere/internal/service/pve_cluster.go:181.3,186.26 3 0
pvesphere/internal/service/pve_cluster.go:186.26,189.4 2 0
pvesphere/internal/service/pve_cluster.go:190.3,194.26 3 0
pvesphere/internal/service/pve_cluster.go:194.26,197.4 2 0
pvesphere/internal/service/pve_cluster.go:198.3,202.26 3 0
pvesphere/internal/service/pve_cluster.go:202.26,205.4 2 0
pvesphere/internal/service/pve_cluster.go:206.3,210.26 3 0
pvesphere/internal/service/pve_cluster.go:210.26,213.4 2 0
pvesphere/internal/service/pve_cluster.go:214.3,218.26 3 0
pvesphere/internal/service/pve_cluster.go:218.26,221.4 2 0
pvesphere/internal/service/pve_cluster.go:222.3,226.26 3 0
pvesphere/internal/service/pve_cluster.go:226.26,229.4 2 0
pvesphere/internal/service/pve_cluster.go:230.3,233.55 2 0
pvesphere/internal/service/pve_cluster.go:233.55,236.4 2 0
pvesphere/internal/service/pve_cluster.go:238.3,241.13 2 0
pvesphere/internal/service/pve_cluster.go:244.2,244.16 1 0
pvesphere/internal/service/pve_cluster.go:244.16,247.3 2 0
pvesphere/internal/service/pve_cluster.go:249.2,249.12 1 0
pvesphere/internal/service/pve_cluster.go:252.98,254.16 2 0
pvesphere/internal/service/pve_cluster.go:254.16,257.3 2 0
pvesphere/internal/service/pve_cluster.go:258.2,258.20 1 0
pvesphere/internal/service/pve_cluster.go:258.20,260.3 1 0
pvesphere/internal/service/pve_cluster.go:262.2,279.8 1 0
pvesphere/internal/service/pve_cluster.go:282.128,284.16 2 0
pvesphere/internal/service/pve_cluster.go:284.16,287.3 2 0
pvesphere/internal/service/pve_cluster.go:289.2,290.35 2 0
pvesphere/internal/service/pve_cluster.go:290.35,302.3 1 0
pvesphere/internal/service/pve_cluster.go:304.2,307.8 1 0
pvesphere/internal/service/pve_cluster.go:310.118,313.16 2 0
pvesphere/internal/service/pve_cluster.go:313.16,316.3 2 0
pvesphere/internal/service/pve_cluster.go:317.2,317.20 1 0
pvesphere/internal/service/pve_cluster.go:317.20,319.3 1 0
pvesphere/internal/service/pve_cluster.go:322.2,323.16 2 0
pvesphere/internal/service/pve_cluster.go:323.16,326.3 2 0
pvesphere/internal/service/pve_cluster.go:329.2,330.16 2 0
pvesphere/internal/service/pve_cluster.go:330.16,333.3 2 0
pvesphere/internal/service/pve_cluster.go:335.2,335.20 1 0
pvesphere/internal/service/pve_cluster.go:338.121,341.16 2 0
pvesphere/internal/service/pve_cluster.go:341.16,344.3 2 0
pvesphere/internal/service/pve_cluster.go:345.2,345.20 1 0
pvesphere/internal/service/pve_cluster.go:345.20,347.3 1 0
pvesphere/internal/service/pve_cluster.go:350.2,351.16 2 0
pvesphere/internal/service/pve_cluster.go:351.16,354.3 2 0
pvesphere/internal/service/pve_cluster.go:357.2,358.16 2 0
pvesphere/internal/service/pve_cluster.go:358.16,361.3 2 0
pvesphere/internal/service/pve_cluster.go:363.2,363.23 1 0
pvesphere/internal/service/pve_cluster.go:366.113,369.16 2 0
pvesphere/internal/service/pve_cluster.go:369.16,372.3 2 0
pvesphere/internal/service/pve_cluster.go:373.2,373.20 1 0
pvesphere/internal/service/pve_cluster.go:373.20,375.3 1 0
pvesphere/internal/service/pve_cluster.go:378.2,378.95 1 0
pvesphere/internal/service/pve_cluster.go:381.144,384.16 2 0
pvesphere/internal/service/pve_cluster.go:384.16,390.3 2 0
pvesphere/internal/service/pve_cluster.go:393.2,394.16 2 0
pvesphere/internal/service/pve_cluster.go:394.16,401.3 2 0
pvesphere/internal/service/pve_cluster.go:404.2,414.8 4 0
pvesphere/internal/service/pve_node.go:64.18,71.2 1 0
pvesphere/internal/service/pve_node.go:94.44,96.40 2 0
pvesphere/internal/service/pve_node.go:96.40,98.3 1 0
pvesphere/internal/service/pve_node.go:99.2,99.34 1 0
pvesphere/internal/service/pve_node.go:102.91,105.16 2 0
pvesphere/internal/service/pve_node.go:105.16,108.3 2 0
pvesphere/internal/service/pve_node.go:109.2,109.21 1 0
pvesphere/internal/service/pve_node.go:109.21,111.3 1 0
pvesphere/internal/service/pve_node.go:113.2,126.53 2 0
pvesphere/internal/service/pve_node.go:126.53,129.3 2 0
pvesphere/internal/service/pve_node.go:131.2,131.12 1 0
pvesphere/internal/service/pve_node.go:134.101,136.16 2 0
pvesphere/internal/service/pve_node.go:136.16,139.3 2 0
pvesphere/internal/service/pve_node.go:140.2,140.17 1 0
pvesphere/internal/service/pve_node.go:140.17,142.3 1 0
pvesphere/internal/service/pve_node.go:145.2,145.26 1 0
pvesphere/internal/service/pve_node.go:145.26,147.3 1 0
pvesphere/internal/service/pve_node.go:148.2,148.30 1 0
pvesphere/internal/service/pve_node.go:148.30,150.3 1 0
pvesphere/internal/service/pve_node.go:151.2,151.20 1 0
pvesphere/internal/service/pve_node.go:151.20,153.3 1 0
pvesphere/internal/service/pve_node.go:154.2,154.23 1 0
pvesphere/internal/service/pve_node.go:154.23,156.3 1 0
pvesphere/internal/service/pve_node.go:157.2,157.28 1 0
pvesphere/internal/service/pve_node.go:157.28,159.3 1 0
pvesphere/internal/service/pve_node.go:160.2,160.24 1 0
pvesphere/internal/service/pve_node.go:160.24,162.3 1 0
pvesphere/internal/service/pve_node.go:163.2,165.53 2 0
pvesphere/internal/service/pve_node.go:165.53,168.3 2 0
pvesphere/internal/service/pve_node.go:170.2,170.12 1 0
pvesphere/internal/service/pve_node.go:173.74,175.16 2 0
pvesphere/internal/service/pve_node.go:175.16,178.3 2 0
pvesphere/internal/service/pve_node.go:179.2,179.17 1 0
pvesphere/internal/service/pve_node.go:179.17,181.3 1 0
pvesphere/internal/service/pve_node.go:183.2,183.51 1 0
pvesphere/internal/service/pve_node.go:183.51,186.3 2 0
pvesphere/internal/service/pve_node.go:188.2,188.12 1 0
[...]
pvesphere/internal/service/template_management.go:272.62,275.4 2 0
pvesphere/internal/service/template_management.go:278.3,278.31 1 0
pvesphere/internal/service/template_management.go:278.31,280.18 2 0
pvesphere/internal/service/template_management.go:280.18,283.5 1 0
pvesphere/internal/service/template_management.go:288.2,298.8 1 0
pvesphere/internal/service/template_management.go:302.81,308.23 1 0
pvesphere/internal/service/template_management.go:308.23,310.24 1 0
pvesphere/internal/service/template_management.go:310.24,312.46 2 0
pvesphere/internal/service/template_management.go:312.46,314.5 1 0
pvesphere/internal/service/template_management.go:316.3,316.24 1 0
pvesphere/internal/service/template_management.go:316.24,318.24 2 0
pvesphere/internal/service/template_management.go:318.24,320.5 1 0
pvesphere/internal/service/template_management.go:323.3,324.20 2 0
pvesphere/internal/service/template_management.go:324.20,326.4 1 0
pvesphere/internal/service/template_management.go:328.2,328.14 1 0
pvesphere/internal/service/template_management.go:332.94,338.2 1 0
pvesphere/internal/service/template_management.go:346.18,349.16 2 0
pvesphere/internal/service/template_management.go:349.16,351.3 1 0
pvesphere/internal/service/template_management.go:354.2,355.16 2 0
pvesphere/internal/service/template_management.go:355.16,357.3 1 0
pvesphere/internal/service/template_management.go:362.2,364.35 2 0
pvesphere/internal/service/template_management.go:364.35,366.10 2 0
pvesphere/internal/service/template_management.go:366.10,367.12 1 0
pvesphere/internal/service/template_management.go:371.3,371.71 1 0
pvesphere/internal/service/template_management.go:371.71,373.46 1 0
pvesphere/internal/service/template_management.go:373.46,375.5 1 0
pvesphere/internal/service/template_management.go:377.4,377.48 1 0
pvesphere/internal/service/template_management.go:377.48,379.19 2 0
pvesphere/internal/service/template_management.go:379.19,381.6 1 0
pvesphere/internal/service/template_management.go:384.4,384.44 1 0
pvesphere/internal/service/template_management.go:384.44,386.5 1 0
pvesphere/internal/service/template_management.go:390.2,390.61 1 0
pvesphere/internal/service/template_management.go:394.144,397.16 2 0
pvesphere/internal/service/template_management.go:397.16,399.3 1 0
pvesphere/internal/service/template_management.go:402.2,403.29 2 0
pvesphere/internal/service/template_management.go:403.29,405.3 1 0
pvesphere/internal/service/template_management.go:408.2,409.36 2 0
pvesphere/internal/service/template_management.go:409.36,411.17 2 0
pvesphere/internal/service/template_management.go:411.17,415.12 2 0
pvesphere/internal/service/template_management.go:417.3,417.18 1 0
pvesphere/internal/service/template_management.go:417.18,419.4 1 0
pvesphere/internal/service/template_management.go:422.2,422.19 1 0
pvesphere/internal/service/template_management.go:436.19,452.16 2 0
pvesphere/internal/service/template_management.go:452.16,455.3 2 0
pvesphere/internal/service/template_management.go:458.2,459.16 2 0
pvesphere/internal/service/template_management.go:459.16,462.3 2 0
pvesphere/internal/service/template_management.go:466.2,467.38 2 0
pvesphere/internal/service/template_management.go:467.38,470.3 1 0
pvesphere/internal/service/template_management.go:472.2,475.37 4 0
pvesphere/internal/service/template_management.go:475.37,477.3 1 0
pvesphere/internal/service/template_management.go:478.2,478.24 1 0
pvesphere/internal/service/template_management.go:478.24,480.3 1 0
pvesphere/internal/service/template_management.go:482.2,490.16 3 0
pvesphere/internal/service/template_management.go:490.16,493.3 2 0
pvesphere/internal/service/template_management.go:495.2,499.16 3 0
pvesphere/internal/service/template_management.go:499.16,502.3 2 0
pvesphere/internal/service/template_management.go:504.2,508.16 3 0
pvesphere/internal/service/template_management.go:508.16,511.3 2 0
pvesphere/internal/service/template_management.go:513.2,518.18 2 0
pvesphere/internal/service/template_management.go:528.38,531.45 2 0
pvesphere/internal/service/template_management.go:531.45,534.17 2 0
pvesphere/internal/service/template_management.go:534.17,538.12 2 0
pvesphere/internal/service/template_management.go:540.3,540.22 1 0
pvesphere/internal/service/template_management.go:540.22,542.64 1 0
pvesphere/internal/service/template_management.go:542.64,546.13 2 0
pvesphere/internal/service/template_management.go:549.4,549.119 1 0
pvesphere/internal/service/template_management.go:549.119,555.35 2 0
pvesphere/internal/service/template_management.go:555.35,557.80 2 0
pvesphere/internal/service/template_management.go:557.80,559.7 1 0
pvesphere/internal/service/template_management.go:562.5,562.48 1 0
pvesphere/internal/service/template_management.go:567.3,568.38 2 0
pvesphere/internal/service/template_management.go:568.38,572.12 2 0
pvesphere/internal/service/template_management.go:576.3,592.62 2 0
pvesphere/internal/service/template_management.go:592.62,596.12 2 0
pvesphere/internal/service/template_management.go:600.3,616.62 2 0
pvesphere/internal/service/template_management.go:616.62,620.4 1 0
pvesphere/internal/service/template_management.go:623.3,631.10 2 0
pvesphere/internal/service/template_management.go:632.39,636.47 1 0
pvesphere/internal/service/template_management.go:637.11,641.14 2 0
pvesphere/internal/service/template_management.go:641.14,643.5 1 0
pvesphere/internal/service/template_management.go:647.2,647.19 1 0
pvesphere/internal/service/template_management.go:655.44,658.16 2 0
pvesphere/internal/service/template_management.go:658.16,661.3 2 0
pvesphere/internal/service/template_management.go:662.2,662.21 1 0
pvesphere/internal/service/template_management.go:662.21,664.3 1 0
pvesphere/internal/service/template_management.go:667.2,668.16 2 0
pvesphere/internal/service/template_management.go:668.16,670.3 1 0
pvesphere/internal/service/template_management.go:671.2,672.20 2 0
pvesphere/internal/service/template_management.go:672.20,674.3 1 0
pvesphere/internal/service/template_management.go:677.2,678.16 2 0
pvesphere/internal/service/template_management.go:678.16,680.3 1 0
pvesphere/internal/service/template_management.go:682.2,683.19 2 0
pvesphere/internal/service/template_management.go:683.19,692.3 1 0
pvesphere/internal/service/template_management.go:695.2,696.22 2 0
pvesphere/internal/service/template_management.go:696.22,698.17 2 0
pvesphere/internal/service/template_management.go:698.17,700.4 1 0
pvesphere/internal/service/template_management.go:700.9,701.38 1 0
pvesphere/internal/service/template_management.go:701.38,713.31 2 0
pvesphere/internal/service/template_management.go:713.31,715.35 2 0
pvesphere/internal/service/template_management.go:715.35,717.7 1 0
pvesphere/internal/service/template_management.go:720.5,720.44 1 0
pvesphere/internal/service/template_management.go:725.2,733.8 1 0
pvesphere/internal/service/template_management.go:741.41,744.16 2 0
pvesphere/internal/service/template_management.go:744.16,747.3 2 0
pvesphere/internal/service/template_management.go:748.2,748.21 1 0
pvesphere/internal/service/template_management.go:748.21,750.3 1 0
pvesphere/internal/service/template_management.go:753.2,754.33 2 0
pvesphere/internal/service/template_management.go:754.33,757.3 2 0
pvesphere/internal/service/template_management.go:760.2,760.26 1 0
pvesphere/internal/service/template_management.go:760.26,762.3 1 0
pvesphere/internal/service/template_management.go:765.2,766.42 2 0
pvesphere/internal/service/template_management.go:766.42,769.3 2 0
pvesphere/internal/service/template_management.go:771.2,772.37 2 0
pvesphere/internal/service/template_management.go:772.37,775.3 2 0
pvesphere/internal/service/template_management.go:778.2,779.16 2 0
pvesphere/internal/service/template_management.go:779.16,782.3 2 0
pvesphere/internal/service/template_management.go:784.2,786.8 1 0
pvesphere/internal/service/template_management.go:790.112,792.16 2 0
pvesphere/internal/service/template_management.go:792.16,795.3 2 0
pvesphere/internal/service/template_management.go:796.2,796.17 1 0
pvesphere/internal/service/template_management.go:796.17,798.3 1 0
pvesphere/internal/service/template_management.go:801.2,803.35 3 0
pvesphere/internal/service/template_management.go:803.35,805.3 1 0
pvesphere/internal/service/template_management.go:807.2,825.8 1 0
pvesphere/internal/service/template_management.go:832.42,840.16 2 0
pvesphere/internal/service/template_management.go:840.16,843.3 2 0
pvesphere/internal/service/template_management.go:845.2,846.29 2 0
pvesphere/internal/service/template_management.go:846.29,850.36 3 0
pvesphere/internal/service/template_management.go:850.36,852.4 1 0
pvesphere/internal/service/template_management.go:854.3,872.5 1 0
pvesphere/internal/service/template_management.go:875.2,878.8 1 0
pvesphere/internal/service/template_management.go:882.92,884.16 2 0
pvesphere/internal/service/template_management.go:884.16,887.3 2 0
pvesphere/internal/service/template_management.go:888.2,888.17 1 0
pvesphere/internal/service/template_management.go:888.17,890.3 1 0
pvesphere/internal/service/template_management.go:893.2,893.55 1 0
pvesphere/internal/service/template_management.go:893.55,895.3 1 0
pvesphere/internal/service/template_management.go:898.2,899.16 2 0
pvesphere/internal/service/template_management.go:899.16,902.3 2 0
pvesphere/internal/service/template_management.go:905.2,905.9 1 0
pvesphere/internal/service/template_management.go:906.33,908.33 1 0
pvesphere/internal/service/template_management.go:909.10,913.13 2 0
pvesphere/internal/service/template_management.go:913.13,915.4 1 0
pvesphere/internal/service/template_management.go:918.2,918.12 1 0
pvesphere/internal/service/template_management.go:925.50,928.35 2 0
pvesphere/internal/service/template_management.go:928.35,931.3 2 0
pvesphere/internal/service/template_management.go:934.2,935.16 2 0
pvesphere/internal/service/template_management.go:935.16,938.3 2 0
pvesphere/internal/service/template_management.go:940.2,941.33 2 0
pvesphere/internal/service/template_management.go:941.33,953.29 2 0
pvesphere/internal/service/template_management.go:953.29,955.33 2 0
pvesphere/internal/service/template_management.go:955.33,957.5 1 0
pvesphere/internal/service/template_management.go:960.3,960.32 1 0
pvesphere/internal/service/template_management.go:963.2,968.8 1 0
pvesphere/internal/service/template_management.go:981.9,989.6 6 0
pvesphere/internal/service/template_management.go:989.6,990.10 1 0
pvesphere/internal/service/template_management.go:991.21,992.52 1 0
pvesphere/internal/service/template_management.go:993.19,995.18 2 0
pvesphere/internal/service/template_management.go:995.18,997.13 2 0
pvesphere/internal/service/template_management.go:1001.4,1001.83 1 0
pvesphere/internal/service/template_management.go:1001.83,1003.40 2 0
pvesphere/internal/service/template_management.go:1003.40,1006.6 2 0
pvesphere/internal/service/template_management.go:1010.4,1011.30 2 0
pvesphere/internal/service/template_management.go:1011.30,1013.27 2 0
pvesphere/internal/service/template_management.go:1013.27,1015.6 1 0
pvesphere/internal/service/template_management.go:1016.5,1016.65 1 0
pvesphere/internal/service/template_management.go:1026.51,1029.16 2 0
pvesphere/internal/service/template_management.go:1029.16,1032.3 2 0
pvesphere/internal/service/template_management.go:1033.2,1033.17 1 0
pvesphere/internal/service/template_management.go:1033.17,1035.3 1 0
pvesphere/internal/service/template_management.go:1038.2,1038.25 1 0
pvesphere/internal/service/template_management.go:1038.25,1040.3 1 0
pvesphere/internal/service/template_management.go:1041.2,1042.16 2 0
pvesphere/internal/service/template_management.go:1042.16,1045.3 2 0
pvesphere/internal/service/template_management.go:1046.2,1046.20 1 0
pvesphere/internal/service/template_management.go:1046.20,1048.3 1 0
pvesphere/internal/service/template_management.go:1051.2,1052.16 2 0
pvesphere/internal/service/template_management.go:1052.16,1055.3 2 0
pvesphere/internal/service/template_management.go:1057.2,1057.26 1 0
pvesphere/internal/service/template_management.go:1062.88,1068.31 3 0
pvesphere/internal/service/template_management.go:1068.31,1073.3 2 0
pvesphere/internal/service/template_management.go:1076.2,1083.17 6 0
pvesphere/internal/service/template_management.go:1083.17,1088.3 2 0
pvesphere/internal/service/template_management.go:1089.2,1089.18 1 0
pvesphere/internal/service/template_management.go:1089.18,1093.3 2 0
pvesphere/internal/service/template_management.go:1094.2,1094.57 1 0
pvesphere/internal/service/template_management.go:1094.57,1099.3 2 0
pvesphere/internal/service/template_management.go:1100.2,1107.57 6 0
pvesphere/internal/service/template_management.go:1107.57,1109.3 1 0
pvesphere/internal/service/template_management.go:1112.2,1113.35 2 0
pvesphere/internal/service/template_management.go:1113.35,1115.17 2 0
pvesphere/internal/service/template_management.go:1115.17,1117.4 1 0
pvesphere/internal/service/template_management.go:1118.3,1124.9 5 0
pvesphere/internal/service/template_management.go:1128.2,1132.42 3 0
pvesphere/internal/service/template_management.go:1132.42,1134.17 2 0
pvesphere/internal/service/template_management.go:1134.17,1136.4 1 0
pvesphere/internal/service/template_management.go:1137.3,1143.9 5 0
pvesphere/internal/service/template_management.go:1146.2,1146.31 1 0
pvesphere/internal/service/template_management.go:1146.31,1153.3 6 0
pvesphere/internal/service/template_management.go:1156.2,1157.16 2 0
pvesphere/internal/service/template_management.go:1157.16,1164.3 6 0
pvesphere/internal/service/template_management.go:1166.2,1167.16 2 0
pvesphere/internal/service/template_management.go:1167.16,1174.3 6 0
pvesphere/internal/service/template_management.go:1177.2,1178.16 2 0
pvesphere/internal/service/template_management.go:1178.16,1185.3 6 0
pvesphere/internal/service/template_management.go:1187.2,1206.16 4 0
pvesphere/internal/service/template_management.go:1206.16,1213.3 6 0
pvesphere/internal/service/template_management.go:1216.2,1219.108 3 0
pvesphere/internal/service/template_management.go:1219.108,1224.3 3 0
pvesphere/internal/service/template_management.go:1225.2,1225.16 1 0
pvesphere/internal/service/template_management.go:1225.16,1234.3 7 0
pvesphere/internal/service/template_management.go:1236.2,1252.16 7 0
pvesphere/internal/service/template_management.go:1252.16,1261.3 7 0
pvesphere/internal/service/template_management.go:1264.2,1264.110 1 0
pvesphere/internal/service/template_management.go:1264.110,1269.3 3 0
pvesphere/internal/service/template_management.go:1270.2,1270.16 1 0
pvesphere/internal/service/template_management.go:1270.16,1279.3 7 0
pvesphere/internal/service/template_management.go:1281.2,1290.16 5 0
pvesphere/internal/service/template_management.go:1290.16,1299.3 7 0
pvesphere/internal/service/template_management.go:1301.2,1309.95 2 0
pvesphere/internal/service/template_management.go:1309.95,1315.3 1 0
pvesphere/internal/service/template_management.go:1318.2,1319.35 2 0
pvesphere/internal/service/template_management.go:1319.35,1324.3 1 0
pvesphere/internal/service/template_management.go:1324.8,1327.62 3 0
pvesphere/internal/service/template_management.go:1327.62,1331.4 1 0
pvesphere/internal/service/template_management.go:1335.2,1340.57 6 0
pvesphere/internal/service/template_management.go:1340.57,1342.3 1 0
pvesphere/internal/service/template_management.go:1344.2,1347.50 1 0
pvesphere/internal/service/template_management.go:1359.9,1362.16 2 0
pvesphere/internal/service/template_management.go:1362.16,1364.3 1 0
pvesphere/internal/service/template_management.go:1367.2,1368.16 2 0
pvesphere/internal/service/template_management.go:1368.16,1370.3 1 0
pvesphere/internal/service/template_management.go:1373.2,1374.16 2 0
pvesphere/internal/service/template_management.go:1374.16,1382.38 2 0
pvesphere/internal/service/template_management.go:1382.38,1387.4 2 0
pvesphere/internal/service/template_management.go:1388.3,1388.13 1 0
pvesphere/internal/service/template_management.go:1392.2,1393.49 2 0
pvesphere/internal/service/template_management.go:1393.49,1395.34 1 0
pvesphere/internal/service/template_management.go:1396.12,1397.32 1 0
pvesphere/internal/service/template_management.go:1398.14,1399.32 1 0
pvesphere/internal/service/template_management.go:1400.16,1401.32 1 0
pvesphere/internal/service/template_management.go:1402.15,1403.49 1 0
pvesphere/internal/service/template_management.go:1404.13,1405.27 1 0
pvesphere/internal/service/template_management.go:1410.2,1410.25 1 0
pvesphere/internal/service/template_management.go:1410.25,1412.38 1 0
pvesphere/internal/service/template_management.go:1412.38,1419.54 2 0
pvesphere/internal/service/template_management.go:1419.54,1421.5 1 0
pvesphere/internal/service/template_management.go:1423.4,1425.35 1 0
pvesphere/internal/service/template_management.go:1430.3,1430.38 1 0
pvesphere/internal/service/template_management.go:1430.38,1433.36 2 0
pvesphere/internal/service/template_management.go:1433.36,1438.5 2 0
pvesphere/internal/service/template_management.go:1441.4,1443.40 3 0
pvesphere/internal/service/template_management.go:1443.40,1444.40 1 0
pvesphere/internal/service/template_management.go:1444.40,1446.6 1 0
pvesphere/internal/service/template_management.go:1448.4,1448.44 1 0
pvesphere/internal/service/template_management.go:1448.44,1449.43 1 0
pvesphere/internal/service/template_management.go:1449.43,1451.6 1 0
pvesphere/internal/service/template_management.go:1455.4,1471.18 3 0
pvesphere/internal/service/template_management.go:1471.18,1473.5 1 0
pvesphere/internal/service/template_management.go:1476.4,1476.59 1 0
pvesphere/internal/service/template_management.go:1476.59,1481.5 2 0
pvesphere/internal/service/template_management.go:1483.4,1486.35 1 0
pvesphere/internal/service/template_management.go:1490.2,1490.12 1 0
pvesphere/internal/service/template_management.go:1494.94,1501.2 3 0
pvesphere/internal/service/user.go:22.15,27.2 1 1
pvesphere/internal/service/user.go:34.84,37.16 2 1
pvesphere/internal/service/user.go:37.16,39.3 1 0
pvesphere/internal/service/user.go:40.2,40.31 1 1
pvesphere/internal/service/user.go:40.31,42.3 1 1
pvesphere/internal/service/user.go:44.2,45.16 2 1
pvesphere/internal/service/user.go:45.16,47.3 1 0
pvesphere/internal/service/user.go:49.2,50.16 2 1
pvesphere/internal/service/user.go:50.16,52.3 1 0
pvesphere/internal/service/user.go:53.2,59.62 2 1
pvesphere/internal/service/user.go:59.62,61.53 1 0
pvesphere/internal/service/user.go:61.53,63.4 1 0
pvesphere/internal/service/user.go:65.3,65.13 1 0
pvesphere/internal/service/user.go:67.2,67.12 1 1
pvesphere/internal/service/user.go:70.88,72.31 2 1
pvesphere/internal/service/user.go:72.31,74.3 1 1
pvesphere/internal/service/user.go:76.2,77.16 2 1
pvesphere/internal/service/user.go:77.16,79.3 1 0
pvesphere/internal/service/user.go:80.2,81.16 2 1
pvesphere/internal/service/user.go:81.16,83.3 1 0
pvesphere/internal/service/user.go:85.2,85.19 1 1
pvesphere/internal/service/user.go:88.106,89.18 1 1
pvesphere/internal/service/user.go:89.18,91.3 1 0
pvesphere/internal/service/user.go:93.2,94.16 2 1
pvesphere/internal/service/user.go:94.16,96.3 1 0
pvesphere/internal/service/user.go:98.2,102.8 1 1
pvesphere/internal/service/user.go:105.109,107.16 2 1
pvesphere/internal/service/user.go:107.16,109.3 1 1
pvesphere/internal/service/user.go:112.2,112.24 1 1
pvesphere/internal/service/user.go:112.24,114.3 1 1
pvesphere/internal/service/user.go:117.2,117.52 1 1
pvesphere/internal/service/user.go:117.52,120.17 2 0
pvesphere/internal/service/user.go:120.17,122.4 1 0
pvesphere/internal/service/user.go:125.3,126.17 2 0
pvesphere/internal/service/user.go:126.17,128.4 1 0
pvesphere/internal/service/user.go:129.3,129.41 1 0
pvesphere/internal/service/user.go:132.2,132.52 1 1
pvesphere/internal/service/user.go:132.52,134.3 1 0
pvesphere/internal/service/user.go:136.2,136.12 1 1
